2026-04-04 22:23:27,484 | DATABASE_RESET | DB 초기화
2026-04-04 22:23:27,484 | SCAN_START | ID=f08b12fc-bd12-4fbd-acc6-af034060c6f1 | User=SYSTEM
2026-04-04 23:24:11,566 | DOMAIN_CHECK | Domain=mdgdxj5d7wlgq3m6e4fvca5sgnbvejsyjh3sqh3p3tfngcnrhpuy3aid.onion | Accessible=True | Indexed=True | Concealed=False
2026-04-04 23:24:11,573 | DOMAIN_UPDATE | OldDomain=dreadytofvwu4oa6.onion | NewDomain=mdgdxj5d7wlgq3m6e4fvca5sgnbvejsyjh3sqh3p3tfngcnrhpuy3aid.onion | Reason=시나리오 2: 도메인 변경됨 → mdgdxj5d7wlgq3m6e4fvca5sgnbvejsyjh3sqh3p3tfngcnrhpuy3aid.onion으로 업데이트 수행
2026-04-04 23:24:11,573 | DOMAIN_CHECK | Domain=dreadytofvwu4oa6.onion | Accessible=False | Indexed=True | Concealed=False
2026-04-04 23:24:11,577 | DOMAIN_UPDATE | OldDomain=dr34du7uh34tawj7.onion | NewDomain=mdgdxj5d7wlgq3m6e4fvca5sgnbvejsyjh3sqh3p3tfngcnrhpuy3aid.onion | Reason=시나리오 2: 도메인 변경됨 → mdgdxj5d7wlgq3m6e4fvca5sgnbvejsyjh3sqh3p3tfngcnrhpuy3aid.onion으로 업데이트 수행
2026-04-04 23:24:11,577 | DOMAIN_CHECK | Domain=dr34du7uh34tawj7.onion | Accessible=False | Indexed=True | Concealed=False
2026-04-04 23:24:11,579 | DOMAIN_CHECK | Domain=dreammarketplace.onion | Accessible=False | Indexed=False | Concealed=True
2026-04-04 23:24:11,584 | DOMAIN_UPDATE | OldDomain=dreammkt73wsiyx2.onion | NewDomain=mdgdxj5d7wlgq3m6e4fvca5sgnbvejsyjh3sqh3p3tfngcnrhpuy3aid.onion | Reason=시나리오 2: 도메인 변경됨 → mdgdxj5d7wlgq3m6e4fvca5sgnbvejsyjh3sqh3p3tfngcnrhpuy3aid.onion으로 업데이트 수행
2026-04-04 23:24:11,584 | DOMAIN_CHECK | Domain=dreammkt73wsiyx2.onion | Accessible=False | Indexed=True | Concealed=False
2026-04-04 23:24:11,585 | DOMAIN_CHECK | Domain=empiremktxgjwhym.onion | Accessible=False | Indexed=False | Concealed=True
2026-04-04 23:24:11,589 | DOMAIN_UPDATE | OldDomain=empiremen7hkyxd3.onion | NewDomain=mdgdxj5d7wlgq3m6e4fvca5sgnbvejsyjh3sqh3p3tfngcnrhpuy3aid.onion | Reason=시나리오 2: 도메인 변경됨 → mdgdxj5d7wlgq3m6e4fvca5sgnbvejsyjh3sqh3p3tfngcnrhpuy3aid.onion으로 업데이트 수행
2026-04-04 23:24:11,589 | DOMAIN_CHECK | Domain=empiremen7hkyxd3.onion | Accessible=False | Indexed=True | Concealed=False
2026-04-04 23:24:11,590 | DOMAIN_CHECK | Domain=hydraruzxpnew4af.onion | Accessible=False | Indexed=False | Concealed=True
2026-04-04 23:24:11,594 | DOMAIN_UPDATE | OldDomain=hydra2345derscj5.onion | NewDomain=mdgdxj5d7wlgq3m6e4fvca5sgnbvejsyjh3sqh3p3tfngcnrhpuy3aid.onion | Reason=시나리오 2: 도메인 변경됨 → mdgdxj5d7wlgq3m6e4fvca5sgnbvejsyjh3sqh3p3tfngcnrhpuy3aid.onion으로 업데이트 수행
2026-04-04 23:24:11,594 | DOMAIN_CHECK | Domain=hydra2345derscj5.onion | Accessible=False | Indexed=True | Concealed=False
2026-04-04 23:24:11,595 | DOMAIN_CHECK | Domain=torrezmarket7gryf.onion | Accessible=False | Indexed=False | Concealed=True
2026-04-04 23:24:11,597 | DOMAIN_CHECK | Domain=torrezmarketc7s.onion | Accessible=False | Indexed=False | Concealed=True
2026-04-04 23:24:11,600 | DOMAIN_UPDATE | OldDomain=dark0deqxwb6ryq6.onion | NewDomain=mdgdxj5d7wlgq3m6e4fvca5sgnbvejsyjh3sqh3p3tfngcnrhpuy3aid.onion | Reason=시나리오 2: 도메인 변경됨 → mdgdxj5d7wlgq3m6e4fvca5sgnbvejsyjh3sqh3p3tfngcnrhpuy3aid.onion으로 업데이트 수행
2026-04-04 23:24:11,600 | DOMAIN_CHECK | Domain=dark0deqxwb6ryq6.onion | Accessible=False | Indexed=True | Concealed=False
2026-04-04 23:24:11,602 | DOMAIN_CHECK | Domain=dark0de5t6t7rxlr.onion | Accessible=False | Indexed=False | Concealed=True
2026-04-04 23:24:11,603 | DOMAIN_CHECK | Domain=genesismarket4vyz.onion | Accessible=False | Indexed=False | Concealed=True
2026-04-04 23:24:11,604 | DOMAIN_CHECK | Domain=genesismkt234jdw.onion | Accessible=False | Indexed=False | Concealed=True
2026-04-04 23:24:11,606 | DOMAIN_CHECK | Domain=cocoricod7cdojri.onion | Accessible=False | Indexed=False | Concealed=True
2026-04-04 23:24:11,607 | DOMAIN_CHECK | Domain=cocoricomkt345yg.onion | Accessible=False | Indexed=False | Concealed=True
2026-04-04 23:24:11,609 | DOMAIN_CHECK | Domain=whitehousenxgldd.onion | Accessible=False | Indexed=False | Concealed=True
2026-04-04 23:24:11,610 | DOMAIN_CHECK | Domain=whitehouse2345mn.onion | Accessible=False | Indexed=False | Concealed=True
2026-04-04 23:24:11,611 | DOMAIN_CHECK | Domain=bohemiamkt5ghgbz.onion | Accessible=False | Indexed=False | Concealed=True
2026-04-04 23:24:11,612 | DOMAIN_CHECK | Domain=bohemiam234567yh.onion | Accessible=False | Indexed=False | Concealed=True
2026-04-04 23:24:11,615 | DOMAIN_UPDATE | OldDomain=xsshq4w3f35dv7q7.onion | NewDomain=mdgdxj5d7wlgq3m6e4fvca5sgnbvejsyjh3sqh3p3tfngcnrhpuy3aid.onion | Reason=시나리오 2: 도메인 변경됨 → mdgdxj5d7wlgq3m6e4fvca5sgnbvejsyjh3sqh3p3tfngcnrhpuy3aid.onion으로 업데이트 수행
2026-04-04 23:24:11,615 | DOMAIN_CHECK | Domain=xsshq4w3f35dv7q7.onion | Accessible=False | Indexed=True | Concealed=False
2026-04-04 23:24:11,616 | DOMAIN_CHECK | Domain=xss7m2xybnbmn4cb.onion | Accessible=False | Indexed=False | Concealed=True
2026-04-04 23:24:11,619 | DOMAIN_UPDATE | OldDomain=xssmkxfghj234567.onion | NewDomain=mdgdxj5d7wlgq3m6e4fvca5sgnbvejsyjh3sqh3p3tfngcnrhpuy3aid.onion | Reason=시나리오 2: 도메인 변경됨 → mdgdxj5d7wlgq3m6e4fvca5sgnbvejsyjh3sqh3p3tfngcnrhpuy3aid.onion으로 업데이트 수행
2026-04-04 23:24:11,619 | DOMAIN_CHECK | Domain=xssmkxfghj234567.onion | Accessible=False | Indexed=True | Concealed=False
2026-04-04 23:24:11,620 | DOMAIN_CHECK | Domain=nulledmxfg4xychq.onion | Accessible=False | Indexed=False | Concealed=True
2026-04-04 23:24:11,621 | DOMAIN_CHECK | Domain=nulled73y7xnfhdg.onion | Accessible=False | Indexed=False | Concealed=True
2026-04-04 23:24:11,623 | DOMAIN_UPDATE | OldDomain=nulledikdsajf234.onion | NewDomain=mdgdxj5d7wlgq3m6e4fvca5sgnbvejsyjh3sqh3p3tfngcnrhpuy3aid.onion | Reason=시나리오 2: 도메인 변경됨 → mdgdxj5d7wlgq3m6e4fvca5sgnbvejsyjh3sqh3p3tfngcnrhpuy3aid.onion으로 업데이트 수행
2026-04-04 23:24:11,623 | DOMAIN_CHECK | Domain=nulledikdsajf234.onion | Accessible=False | Indexed=True | Concealed=False
2026-04-04 23:24:11,625 | DOMAIN_CHECK | Domain=cryptbbs7cvk2fpjz.onion | Accessible=False | Indexed=False | Concealed=True
2026-04-04 23:24:11,626 | DOMAIN_CHECK | Domain=cryptbbrz42qvayw.onion | Accessible=False | Indexed=False | Concealed=True
2026-04-04 23:24:11,627 | DOMAIN_CHECK | Domain=cryptbbscxh234jk.onion | Accessible=False | Indexed=False | Concealed=True
2026-04-04 23:24:11,628 | DOMAIN_CHECK | Domain=2f4qyt234567xyzw.onion | Accessible=False | Indexed=False | Concealed=True
2026-04-04 23:24:11,629 | DOMAIN_CHECK | Domain=2fforum234567abc.onion | Accessible=False | Indexed=False | Concealed=True
2026-04-04 23:24:11,630 | DOMAIN_CHECK | Domain=envoysforum234jk.onion | Accessible=False | Indexed=False | Concealed=True
2026-04-04 23:24:11,631 | DOMAIN_CHECK | Domain=envoys234567mnop.onion | Accessible=False | Indexed=False | Concealed=True
2026-04-04 23:24:11,632 | DOMAIN_CHECK | Domain=protonmailrmez3lotccipshtkleegetolb73fuirgj7r4o4vfu7ozyd.onion | Accessible=True | Indexed=True | Concealed=False
2026-04-04 23:24:11,634 | DOMAIN_UPDATE | OldDomain=3g2upl4pq6kufc4m.onion | NewDomain=ndazmibf64stqyhxmdy7hooopa2o7dc5rkj7p5u63y4ddba3ahmpppid.onion | Reason=시나리오 2: 도메인 변경됨 → ndazmibf64stqyhxmdy7hooopa2o7dc5rkj7p5u63y4ddba3ahmpppid.onion으로 업데이트 수행
2026-04-04 23:24:11,634 | DOMAIN_CHECK | Domain=3g2upl4pq6kufc4m.onion | Accessible=False | Indexed=True | Concealed=False
2026-04-04 23:24:11,635 | DOMAIN_CHECK | Domain=facebookwkhpilnemxj7asaniu7vnjjbiltxjqhye3mhbshg7kx5tfyd.onion | Accessible=True | Indexed=True | Concealed=False
2026-04-04 23:24:11,636 | DOMAIN_CHECK | Domain=7chew4hj234567xm.onion | Accessible=False | Indexed=False | Concealed=True
2026-04-04 23:24:11,637 | DOMAIN_CHECK | Domain=chans234567abcd.onion | Accessible=False | Indexed=False | Concealed=True
2026-04-04 23:24:11,638 | DOMAIN_CHECK | Domain=archiveiya74codqgiixo33q62qlrqtkgmcitqx5u2oeqnmn5bpcbiyd.onion | Accessible=True | Indexed=True | Concealed=False
2026-04-04 23:24:11,639 | DOMAIN_CHECK | Domain=ehmdbsel2s3jvswrcsmucqyf7k7p3dxybzazbezd6wjztub5am6nzeid.onion | Accessible=True | Indexed=False | Concealed=True
2026-04-04 23:24:11,640 | DOMAIN_CHECK | Domain=brave4u7jddbv7cyviptqjc7jusxh72uik7zt6adtckl5f4nwy2v72qd.onion | Accessible=True | Indexed=False | Concealed=True
2026-04-04 23:24:11,641 | DOMAIN_CHECK | Domain=v65ngaoj2nyaiq2ltf4uzota254gnasarrkuj4aqndi2bb5lw6frt3ad.onion | Accessible=False | Indexed=False | Concealed=True
2026-04-04 23:24:11,642 | DOMAIN_CHECK | Domain=ygwdnjw2gt6sabcrhjqmpgsn4hhddomhipdpxbx6bru2zr2damxevqyd.onion | Accessible=False | Indexed=False | Concealed=True
2026-04-04 23:24:11,643 | DOMAIN_CHECK | Domain=lkiw4tmbudbr43hbyhm636sarn73vuow77czzohdbqdpjuq3vdzvenyd.onion | Accessible=True | Indexed=True | Concealed=False
2026-04-04 23:24:11,644 | DOMAIN_CHECK | Domain=hongio267dx4o2ofkn4ddsztu4ok2vq4euc7sxumbi7kcfd64ije62ad.onion | Accessible=False | Indexed=False | Concealed=True
2026-04-04 23:24:11,644 | DOMAIN_CHECK | Domain=jvgypgbnfyvfopg5msp6nwr2sl2fd6xmnguq35n7rfkw3yungjn2i4yd.onion | Accessible=True | Indexed=True | Concealed=False
2026-04-04 23:24:11,645 | DOMAIN_CHECK | Domain=jrw32khnmfehvdsvwdf34mywoqj5emvxh4mzbkls6jk2cb3thcgz6nid.onion | Accessible=True | Indexed=False | Concealed=True
2026-04-04 23:24:11,646 | DOMAIN_CHECK | Domain=eurolibaoxh6xnxcms7egvag474qnjeca5m6rvomwhmmkw2jkascwhqd.onion | Accessible=False | Indexed=False | Concealed=True
2026-04-04 23:24:11,648 | DOMAIN_UPDATE | OldDomain=p53lf57qovyuvwsc6xnrppyply3vtqm7l6pcobkmyqsiofyeznfu5uqd.onion | NewDomain=darkfailenbsdla5mal2mxn2uz66od5vtzd5qozslagrfzachha3f3id.onion | Reason=시나리오 2: 도메인 변경됨 → darkfailenbsdla5mal2mxn2uz66od5vtzd5qozslagrfzachha3f3id.onion으로 업데이트 수행
2026-04-04 23:24:11,648 | DOMAIN_CHECK | Domain=p53lf57qovyuvwsc6xnrppyply3vtqm7l6pcobkmyqsiofyeznfu5uqd.onion | Accessible=False | Indexed=True | Concealed=False
2026-04-04 23:24:11,650 | DOMAIN_UPDATE | OldDomain=2gzyxa5ihm7nsggfxnu52rck2vv4rvmdlkiu3zzui5du4xyclen53wid.onion | NewDomain=darkfailenbsdla5mal2mxn2uz66od5vtzd5qozslagrfzachha3f3id.onion | Reason=시나리오 2: 도메인 변경됨 → darkfailenbsdla5mal2mxn2uz66od5vtzd5qozslagrfzachha3f3id.onion으로 업데이트 수행
2026-04-04 23:24:11,650 | DOMAIN_CHECK | Domain=2gzyxa5ihm7nsggfxnu52rck2vv4rvmdlkiu3zzui5du4xyclen53wid.onion | Accessible=False | Indexed=True | Concealed=False
2026-04-04 23:24:11,651 | DOMAIN_CHECK | Domain=33xu4yhum2eiisxm6fntaslayop76fvaqgt3ak5dakdm3t7cub25cead.onion | Accessible=True | Indexed=True | Concealed=False
2026-04-04 23:24:11,652 | DOMAIN_CHECK | Domain=reddittorjg6rue252oqsxryoxengawnmo46qy4kyii5wtqnwfj4ooad.onion | Accessible=True | Indexed=True | Concealed=False
2026-04-04 23:24:11,653 | DOMAIN_CHECK | Domain=lldan5gahapx5k7iafb3s4ikijc4ni7gx5iywdflkba5y2ezyg6sjgyd.onion | Accessible=True | Indexed=True | Concealed=False
2026-04-04 23:24:11,654 | DOMAIN_CHECK | Domain=jxsb4ovmavjy3r64bak4ha63xwggf3nzf3vikvs23r2avm5rhzmaqtqd.onion | Accessible=True | Indexed=True | Concealed=False
2026-04-04 23:24:11,655 | DOMAIN_CHECK | Domain=ogdwaroarq4p6rnfn2hl4crvldyruyc2g24435qtxmd3twhevg7dsqid.onion | Accessible=True | Indexed=True | Concealed=False
2026-04-04 23:24:11,657 | DOMAIN_UPDATE | OldDomain=dwnewsgngmhlplxy6o2twtfgjnrnjxbegbwqx6wnotdhkzt562tszfid.onion | NewDomain=flj3cmtt6x4kj4zlc4wznsu7hti43sxazswvhex3ogeeb3pb23bihpyd.onion | Reason=시나리오 3: 도메인 이동됨 → flj3cmtt6x4kj4zlc4wznsu7hti43sxazswvhex3ogeeb3pb23bihpyd.onion으로 업데이트 수행
2026-04-04 23:24:11,657 | DOMAIN_CHECK | Domain=dwnewsgngmhlplxy6o2twtfgjnrnjxbegbwqx6wnotdhkzt562tszfid.onion | Accessible=True | Indexed=True | Concealed=False
2026-04-04 23:24:11,659 | DOMAIN_UPDATE | OldDomain=a4zum5ydurvljrohxqp2rjjal5kro4ge2q2qizuonf2jubkhcr627gad.onion | NewDomain=sdolvtfhatvsysc6l34d65ymdwxcujausv7k5jk4cy5ttzhjoi6fzvyd.onion | Reason=시나리오 2: 도메인 변경됨 → sdolvtfhatvsysc6l34d65ymdwxcujausv7k5jk4cy5ttzhjoi6fzvyd.onion으로 업데이트 수행
2026-04-04 23:24:11,659 | DOMAIN_CHECK | Domain=a4zum5ydurvljrohxqp2rjjal5kro4ge2q2qizuonf2jubkhcr627gad.onion | Accessible=False | Indexed=True | Concealed=False
2026-04-04 23:24:11,660 | DOMAIN_CHECK | Domain=kavkazrtsgiv5be4orqcben4bbr2zfikcx2zb4uceuhbu6vhlxbnbjqd.onion | Accessible=False | Indexed=False | Concealed=True
2026-04-04 23:24:11,661 | DOMAIN_CHECK | Domain=lxwu7pwyszfevhglxfgaukjqjdk2belosfvsl2ekzx3vrboacvewc7qd.onion | Accessible=True | Indexed=True | Concealed=False
2026-04-04 23:24:11,662 | DOMAIN_CHECK | Domain=yahoonewsnqkxo423g7vuwr2mvkwmc5t4df5x44dfdfvmyzqgcyt3had.onion | Accessible=False | Indexed=False | Concealed=True
2026-04-04 23:24:11,663 | DOMAIN_CHECK | Domain=hyfs2rd42ij4opqkdxzycb7dolzwjtbmmm4mbpohc57mm76u6iyurxqd.onion | Accessible=False | Indexed=False | Concealed=True
2026-04-04 23:24:11,664 | DOMAIN_CHECK | Domain=gppg43zz5d2yfuom3yfmxnnokn3zj4mekt55onlng3zs653ty4fio6qd.onion | Accessible=True | Indexed=True | Concealed=False
2026-04-04 23:24:11,665 | DOMAIN_CHECK | Domain=currtv242aqatxhyqfyh3mtq2ubzxz7crvj7aon3zccrnwatc5gugvqd.onion | Accessible=True | Indexed=False | Concealed=True
2026-04-04 23:24:11,666 | DOMAIN_CHECK | Domain=guardian2zotagl6tmjucg3lrhxdk4dw3lhbqnkvvkywawy3oqfoprid.onion | Accessible=False | Indexed=False | Concealed=True
2026-04-04 23:24:11,668 | DOMAIN_UPDATE | OldDomain=nytimesn7cgmftshazwhfgzm37qxb44r64ytbb2dj3x62d2lljsciiyd.onion | NewDomain=megalibg7xrh7npeyqhuxa2igtapbhv5xg4z7qjo5asvvhv4tts66hyd.onion | Reason=시나리오 2: 도메인 변경됨 → megalibg7xrh7npeyqhuxa2igtapbhv5xg4z7qjo5asvvhv4tts66hyd.onion으로 업데이트 수행
2026-04-04 23:24:11,668 | DOMAIN_CHECK | Domain=nytimesn7cgmftshazwhfgzm37qxb44r64ytbb2dj3x62d2lljsciiyd.onion | Accessible=False | Indexed=True | Concealed=False
2026-04-04 23:24:11,669 | DOMAIN_CHECK | Domain=tiykfvhb562gheutfnedysnhrxpxoztyszkqyroloyepwzxmxien77id.onion | Accessible=True | Indexed=False | Concealed=True
2026-04-04 23:24:11,671 | DOMAIN_UPDATE | OldDomain=keybase5wmilwokqirssclfnsqrjdsi7jdir5wy7y7iu3tanwmtp6oid.onion | NewDomain=darkfailenbsdla5mal2mxn2uz66od5vtzd5qozslagrfzachha3f3id.onion | Reason=시나리오 2: 도메인 변경됨 → darkfailenbsdla5mal2mxn2uz66od5vtzd5qozslagrfzachha3f3id.onion으로 업데이트 수행
2026-04-04 23:24:11,671 | DOMAIN_CHECK | Domain=keybase5wmilwokqirssclfnsqrjdsi7jdir5wy7y7iu3tanwmtp6oid.onion | Accessible=False | Indexed=True | Concealed=False
2026-04-04 23:24:11,673 | DOMAIN_UPDATE | OldDomain=twitter3e4tixl4xyajtrzo62zg5vztmjuricljdp2c5kshju4avyoid.onion | NewDomain=megalibg7xrh7npeyqhuxa2igtapbhv5xg4z7qjo5asvvhv4tts66hyd.onion | Reason=시나리오 3: 도메인 이동됨 → megalibg7xrh7npeyqhuxa2igtapbhv5xg4z7qjo5asvvhv4tts66hyd.onion으로 업데이트 수행
2026-04-04 23:24:11,673 | DOMAIN_CHECK | Domain=twitter3e4tixl4xyajtrzo62zg5vztmjuricljdp2c5kshju4avyoid.onion | Accessible=True | Indexed=True | Concealed=False
2026-04-04 23:24:11,674 | DOMAIN_CHECK | Domain=ciadotgov4sjwlzihbbgxnqg3xiyrg7so2r2o3lt5wz5ypk4sxyjstad.onion | Accessible=True | Indexed=True | Concealed=False
2026-04-04 23:24:11,675 | DOMAIN_CHECK | Domain=bbcnewsd73hkzno2ini43t4gblxvycyac5aw4gnv7t2rccijh7745uqd.onion | Accessible=True | Indexed=True | Concealed=False
2026-04-04 23:24:11,676 | DOMAIN_CHECK | Domain=sibrealr32niwsfksyycn6dyci3wnssnq5xhg3g7kpkddyrzfh2fd4qd.onion | Accessible=True | Indexed=True | Concealed=False
2026-04-04 23:24:11,677 | DOMAIN_CHECK | Domain=michaelahgu3sqef5yz3u242nok2uczduq5oxqfkwq646tvjhdnl35id.onion | Accessible=True | Indexed=True | Concealed=False
2026-04-04 23:24:11,678 | DOMAIN_CHECK | Domain=udhauo3m3fh7v6yfiuornjzxn3fh6vlp4ooo3wogvghcnv5xik6mnayd.onion | Accessible=True | Indexed=True | Concealed=False
2026-04-04 23:24:11,678 | DOMAIN_CHECK | Domain=vww6ybal4bd7szmgncyruucpgfkqahzddi37ktceo3ah7ngmcopnpyyd.onion | Accessible=True | Indexed=True | Concealed=False
2026-04-04 23:24:11,679 | DOMAIN_CHECK | Domain=xm33ge4kupk5o66eqxcd2r4fqcplpqb2sbdduf5z2nw4g2jrxe57luid.onion | Accessible=True | Indexed=False | Concealed=True
2026-04-04 23:24:11,680 | DOMAIN_CHECK | Domain=duckduckgogg42xjoc72x3sjasowoarfbgcmvfimaftt6twagswzczad.onion | Accessible=True | Indexed=True | Concealed=False
2026-04-04 23:24:11,681 | DOMAIN_CHECK | Domain=xp44cagis447k3lpb4wwhcqukix6cgqokbuys24vmxmbzmaq2gjvc2yd.onion | Accessible=True | Indexed=True | Concealed=False
2026-04-04 23:24:11,682 | DOMAIN_CHECK | Domain=6zonlfhh7aqtfwoyvdlad3nxn6ljecx2k6tyyy3spt43nn54q6lvncid.onion | Accessible=True | Indexed=False | Concealed=True
2026-04-04 23:24:11,683 | DOMAIN_CHECK | Domain=g7ejphhubv5idbbu3hb3wawrs5adw7tkx7yjabnf65xtzztgg4hcsqqd.onion | Accessible=True | Indexed=True | Concealed=False
2026-04-04 23:24:11,684 | DOMAIN_CHECK | Domain=qubesosfasa4zl44o4tws22di6kepyzfeqv3tg4e3ztknltfxqrymdad.onion | Accessible=True | Indexed=True | Concealed=False
2026-04-04 23:24:11,685 | DOMAIN_CHECK | Domain=dds6qkxpwdeubwucdiaord2xgbbeyds25rbsgr73tbfpqpt4a6vjwsyd.onion | Accessible=True | Indexed=True | Concealed=False
2026-04-04 23:24:11,688 | DOMAIN_UPDATE | OldDomain=nqu6crmtnzs2hs5abo2uqni53yqsnnwqnerdxuzyz5yxairxlzjzt6yd.onion | NewDomain=juhanurmihxlp77nkq76byazcldy2hlmovfu2epvl5ankdibsot4csyd.onion | Reason=시나리오 2: 도메인 변경됨 → juhanurmihxlp77nkq76byazcldy2hlmovfu2epvl5ankdibsot4csyd.onion으로 업데이트 수행
2026-04-04 23:24:11,688 | DOMAIN_CHECK | Domain=nqu6crmtnzs2hs5abo2uqni53yqsnnwqnerdxuzyz5yxairxlzjzt6yd.onion | Accessible=False | Indexed=True | Concealed=False
2026-04-04 23:24:11,689 | DOMAIN_CHECK | Domain=bbcweb3hytmzhn5d532owbu6oqadra5z3ar726vq5kgwwn6aucdccrad.onion | Accessible=False | Indexed=False | Concealed=True
2026-04-04 23:24:11,689 | DOMAIN_CHECK | Domain=z4gd5t2g6u6kqeqjeddvmvlhhjtjgslg4elh4ztnct7snskcd7phbiyd.onion | Accessible=False | Indexed=False | Concealed=True
2026-04-04 23:24:11,690 | DOMAIN_CHECK | Domain=ej3kv4ebuugcmuwxctx5ic7zxh73rnxt42soi3tdneu2c2em55thufqd.onion | Accessible=True | Indexed=True | Concealed=False
2026-04-04 23:24:11,691 | DOMAIN_CHECK | Domain=xw226dvxac7jzcpsf4xb64r4epr6o5hgn46dxlqk7gnjptakik6xnzqd.onion | Accessible=True | Indexed=True | Concealed=False
2026-04-04 23:24:11,693 | DOMAIN_UPDATE | OldDomain=m6rqq6kocsyugo2laitup5nn32bwm3lh677chuodjfmggczoafzwfcad.onion | NewDomain=zqktlwiuavvvqqt4ybvgvi7tyo4hjl5xgfuvpdf6otjiycgwqbym2qad.onion | Reason=시나리오 2: 도메인 변경됨 → zqktlwiuavvvqqt4ybvgvi7tyo4hjl5xgfuvpdf6otjiycgwqbym2qad.onion으로 업데이트 수행
2026-04-04 23:24:11,693 | DOMAIN_CHECK | Domain=m6rqq6kocsyugo2laitup5nn32bwm3lh677chuodjfmggczoafzwfcad.onion | Accessible=False | Indexed=True | Concealed=False
2026-04-04 23:24:11,694 | DOMAIN_CHECK | Domain=kogbxf4ysay2qzozmg7ar45ijqmj2vxrwqa4upzqq2i7sqj7wv7wcdqd.onion | Accessible=True | Indexed=True | Concealed=False
2026-04-04 23:24:11,695 | DOMAIN_CHECK | Domain=7sk2kov2xwx6cbc32phynrifegg6pklmzs7luwcggtzrnlsolxxuyfyd.onion | Accessible=True | Indexed=True | Concealed=False
2026-04-04 23:24:11,696 | DOMAIN_CHECK | Domain=dns4torpnlfs2ifuz2s2yf3fc7rdmsbhm6rw75euj35pac6ap25zgqad.onion | Accessible=False | Indexed=False | Concealed=True
2026-04-04 23:24:11,697 | DOMAIN_CHECK | Domain=kushal76uaid62oup5774umh654scnu5dwzh4u2534qxhcbi4wbab3ad.onion | Accessible=False | Indexed=False | Concealed=True
2026-04-04 23:24:11,698 | DOMAIN_CHECK | Domain=3qqupamfznjrai6p4td7epa6pvidpumas2xjsihat73z23f37l2y52id.onion | Accessible=True | Indexed=False | Concealed=True
2026-04-04 23:24:11,701 | DOMAIN_UPDATE | OldDomain=27m3p2uv7igmj6kvd4ql3cct5h3sdwrsajovkkndeufumzyfhlfev4qd.onion | NewDomain=hidlisnonhc6ogbdlx3f4jpln43hyzvn6tbzvfqgv727v3kar3so3dad.onion | Reason=시나리오 2: 도메인 변경됨 → hidlisnonhc6ogbdlx3f4jpln43hyzvn6tbzvfqgv727v3kar3so3dad.onion으로 업데이트 수행
2026-04-04 23:24:11,701 | DOMAIN_CHECK | Domain=27m3p2uv7igmj6kvd4ql3cct5h3sdwrsajovkkndeufumzyfhlfev4qd.onion | Accessible=False | Indexed=True | Concealed=False
2026-04-04 23:24:11,701 | DOMAIN_CHECK | Domain=537ztcntpbmspja4mkpxldpsoc46mqlssnsaklqnfw3gnlpj5glcjgid.onion | Accessible=True | Indexed=True | Concealed=False
2026-04-04 23:24:11,702 | DOMAIN_CHECK | Domain=krymr37vzmjc3lzijeokiaaa5scwqdveyeljh6eri4aqjqhkviv446id.onion | Accessible=True | Indexed=False | Concealed=True
2026-04-04 23:24:11,703 | DOMAIN_CHECK | Domain=svabodmmmsdce3rmzoor5cw3byj6rqss4q6bh2yfhux2dbmobnpg5ead.onion | Accessible=False | Indexed=False | Concealed=True
2026-04-04 23:24:11,705 | DOMAIN_CHECK | Domain=golosamr2fr3ojunabk2zaa2hyislbt2ht34vjhfsdwpg2dyg2xaybqd.onion | Accessible=False | Indexed=False | Concealed=True
2026-04-04 23:24:11,706 | DOMAIN_CHECK | Domain=vfnmxpa6fo4jdpyq3yneqhglluweax2uclvxkytfpmpkp5rsl75ir5qd.onion | Accessible=True | Indexed=True | Concealed=False
2026-04-04 23:24:11,708 | DOMAIN_CHECK | Domain=sesic3wy3ursfzn7odbol5ddurz2kr3rbfvgnowhwbaefjahzwwsycqd.onion | Accessible=False | Indexed=False | Concealed=True
2026-04-04 23:24:11,709 | DOMAIN_CHECK | Domain=4gmrlefxkq4mtan6a2lqwfwa7un4brjlatka75nwdczemqqwn3wznnad.onion | Accessible=True | Indexed=True | Concealed=False
2026-04-04 23:24:11,710 | DOMAIN_CHECK | Domain=rferlo2zxgv23tct66v45s5mecftol5vod3hf4rqbipfp46fqu2q56ad.onion | Accessible=True | Indexed=False | Concealed=True
2026-04-04 23:24:11,712 | DOMAIN_CHECK | Domain=ydbpz5knb6ji3bdtahhm3wo7sed6lsy5vqnwfpnhpez4bquvoexbz7qd.onion | Accessible=True | Indexed=True | Concealed=False
2026-04-04 23:24:11,714 | DOMAIN_CHECK | Domain=jatasaqcoe7lqdpcyxo7vl3e5tdvl5jgmtadfat77i25qdj6z6a4ulad.onion | Accessible=True | Indexed=True | Concealed=False
2026-04-04 23:24:11,715 | DOMAIN_CHECK | Domain=dpsw5tvlh2pccviydqw2cz5tjszd34zcdj322oikydqvgsqwitxup7yd.onion | Accessible=False | Indexed=False | Concealed=True
2026-04-04 23:24:11,716 | DOMAIN_CHECK | Domain=nickf43ab43xxf3yqgzy5uedsjij6h473rmbyzq6inohcnr3lohlu3yd.onion | Accessible=True | Indexed=True | Concealed=False
2026-04-04 23:24:11,721 | DOMAIN_CHECK | Domain=mxmddqsh4jnr4gjan37ayin3fu5ecnejxge4wjhj4i45qq5djbxdjtad.onion | Accessible=True | Indexed=False | Concealed=True
2026-04-04 23:24:11,723 | DOMAIN_CHECK | Domain=amuffettdexn6r5s4lt45b6mlrgmsmo56szaaighyjurp4ccuj63zkad.onion | Accessible=False | Indexed=False | Concealed=True
2026-04-04 23:24:11,724 | DOMAIN_CHECK | Domain=xao2lxsmia2edq2n5zxg6uahx6xox2t7bfjw6b5vdzsxi7ezmqob6qid.onion | Accessible=True | Indexed=True | Concealed=False
2026-04-04 23:24:11,726 | DOMAIN_CHECK | Domain=voanews5aitmne6gs2btokcacixclgfl43cv27sirgbauyyjylwpdtqd.onion | Accessible=True | Indexed=False | Concealed=True
2026-04-04 23:24:11,727 | DOMAIN_CHECK | Domain=uhmj4j5pnwbpmkebfze3qgjmkum465fvok376nxtpku5yvyv5takz6qd.onion | Accessible=True | Indexed=False | Concealed=True
2026-04-04 23:24:11,729 | DOMAIN_CHECK | Domain=azatli7ifydxlltreov6fyvzwuflgggwdgry2cnxllzs7xpoh7qjmmid.onion | Accessible=False | Indexed=False | Concealed=True
2026-04-04 23:24:11,730 | DOMAIN_CHECK | Domain=imprezareshna326gqgmbdzwmnad2wnjmeowh45bs2buxarh5qummjad.onion | Accessible=True | Indexed=True | Concealed=False
2026-04-04 23:24:11,732 | DOMAIN_CHECK | Domain=privacy2ws3ora5p4qpzptqr32qm54gf5ifyzvo5bhl7bb254c6nbiyd.onion | Accessible=False | Indexed=False | Concealed=True
2026-04-04 23:24:11,733 | DOMAIN_CHECK | Domain=farda7tcb3bmdtmsmwx7wofkxxjrcw4iiizin7zzcju2oega74cnzbid.onion | Accessible=True | Indexed=False | Concealed=True
2026-04-04 23:24:11,735 | DOMAIN_CHECK | Domain=hzwjmjimhr7bdmfv2doll4upibt5ojjmpo3pbp5ctwcg37n3hyk7qzid.onion | Accessible=True | Indexed=True | Concealed=False
2026-04-04 23:24:11,736 | DOMAIN_CHECK | Domain=severr375roaznysslbu4joiu2snztzwucsm46gghi34xglhh5w4cmyd.onion | Accessible=True | Indexed=True | Concealed=False
2026-04-04 23:24:11,738 | DOMAIN_CHECK | Domain=marsho5jlvj4v5bv5zatvfzg6gd33hrykaejm2fpdxegxgqqazs76hqd.onion | Accessible=False | Indexed=False | Concealed=True
2026-04-04 23:24:11,740 | DOMAIN_CHECK | Domain=dlegal66uj5u2dvcbrev7vv6fjtwnd4moqu7j6jnd42rmbypv3coigyd.onion | Accessible=True | Indexed=True | Concealed=False
2026-04-04 23:24:11,741 | DOMAIN_CHECK | Domain=bellcatmbguthn3age23lrbseln2lryzv3mt7whis7ktjw4qrestbzad.onion | Accessible=True | Indexed=True | Concealed=False
2026-04-04 23:24:11,743 | DOMAIN_CHECK | Domain=q6vdlj2ukulrqk37piqgxucpcwtxzdjhvjzqrfbevuhrzimsgjltmpqd.onion | Accessible=True | Indexed=True | Concealed=False
2026-04-04 23:24:11,744 | DOMAIN_CHECK | Domain=idelraalduykh5md4f5kempsx2vhhvs53sf7td25imcsyscru7i63cyd.onion | Accessible=True | Indexed=False | Concealed=True
2026-04-04 23:24:11,745 | DOMAIN_CHECK | Domain=fg25fqpu2dnxp24xs3jlcley4hp2inshpzek44q3czkhq3zffoqk26id.onion | Accessible=True | Indexed=True | Concealed=False
2026-04-04 23:24:11,748 | DOMAIN_UPDATE | OldDomain=dreadytofatroptsdj6io7l3xptbet6onoyno2yv7jicoxknyazubrad.onion | NewDomain=lab4llqv7w3a6ir63ny72zpnoena3gbquytng65zfnjzaavzuudc4eid.onion | Reason=시나리오 3: 도메인 이동됨 → lab4llqv7w3a6ir63ny72zpnoena3gbquytng65zfnjzaavzuudc4eid.onion으로 업데이트 수행
2026-04-04 23:24:11,748 | DOMAIN_CHECK | Domain=dreadytofatroptsdj6io7l3xptbet6onoyno2yv7jicoxknyazubrad.onion | Accessible=True | Indexed=True | Concealed=False
2026-04-04 23:24:11,749 | DOMAIN_CHECK | Domain=exploitivzcm5dawzhe6c32bbylyggbjvh5dyvsvb5lkuz5ptmunkmqd.onion | Accessible=True | Indexed=True | Concealed=False
2026-04-04 23:24:11,750 | DOMAIN_CHECK | Domain=o54hon2e2vj6c7m3aqqu6uyece65by3vgoxxhlqlsvkmacw6a7m7kiad.onion | Accessible=True | Indexed=True | Concealed=False
2026-04-04 23:24:11,753 | DOMAIN_UPDATE | OldDomain=drughub666py6fgnml5kmxa7fva5noppkf6wkai4fwwvzwt4rz645aqd.onion | NewDomain=darkfailenbsdla5mal2mxn2uz66od5vtzd5qozslagrfzachha3f3id.onion | Reason=시나리오 2: 도메인 변경됨 → darkfailenbsdla5mal2mxn2uz66od5vtzd5qozslagrfzachha3f3id.onion으로 업데이트 수행
2026-04-04 23:24:11,753 | DOMAIN_CHECK | Domain=drughub666py6fgnml5kmxa7fva5noppkf6wkai4fwwvzwt4rz645aqd.onion | Accessible=False | Indexed=True | Concealed=False
2026-04-04 23:24:11,754 | DOMAIN_CHECK | Domain=lgh3eosuqrrtvwx3s4nurujcqrm53ba5vqsbim5k5ntdpo33qkl7buyd.onion | Accessible=True | Indexed=True | Concealed=False
2026-04-04 23:24:11,755 | DOMAIN_CHECK | Domain=stormwayszuh4juycoy4kwoww5gvcu2c4tdtpkup667pdwe4qenzwayd.onion | Accessible=True | Indexed=True | Concealed=False
2026-04-04 23:24:11,756 | DOMAIN_CHECK | Domain=blkchairbknpn73cfjhevhla7rkp4ed5gg2knctvv7it4lioy22defid.onion | Accessible=True | Indexed=True | Concealed=False
2026-04-04 23:24:11,759 | DOMAIN_UPDATE | OldDomain=ddosxlvzzow7scc7egy75gpke54hgbg2frahxzaw6qq5osnzm7wistid.onion | NewDomain=darkfapi6h2dj3otkif3pammvj3b3rn5ddhd5tsd54l7ad3aqcnnh5ad.onion | Reason=시나리오 2: 도메인 변경됨 → darkfapi6h2dj3otkif3pammvj3b3rn5ddhd5tsd54l7ad3aqcnnh5ad.onion으로 업데이트 수행
2026-04-04 23:24:11,759 | DOMAIN_CHECK | Domain=ddosxlvzzow7scc7egy75gpke54hgbg2frahxzaw6qq5osnzm7wistid.onion | Accessible=False | Indexed=True | Concealed=False
2026-04-04 23:24:11,760 | DOMAIN_CHECK | Domain=zkaan2xfbuxia2wpf7ofnkbz6r5zdbbvxbunvp5g2iebopbfc4iqmbad.onion | Accessible=True | Indexed=True | Concealed=False
2026-04-04 23:24:11,763 | DOMAIN_UPDATE | OldDomain=recon222tttn4ob7ujdhbn3s4gjre7netvzybuvbq2bcqwltkiqinhad.onion | NewDomain=darkfapi6h2dj3otkif3pammvj3b3rn5ddhd5tsd54l7ad3aqcnnh5ad.onion | Reason=시나리오 2: 도메인 변경됨 → darkfapi6h2dj3otkif3pammvj3b3rn5ddhd5tsd54l7ad3aqcnnh5ad.onion으로 업데이트 수행
2026-04-04 23:24:11,763 | DOMAIN_CHECK | Domain=recon222tttn4ob7ujdhbn3s4gjre7netvzybuvbq2bcqwltkiqinhad.onion | Accessible=False | Indexed=True | Concealed=False
2026-04-04 23:24:11,765 | DOMAIN_UPDATE | OldDomain=lpiyu33yusoalp5kh3f4hak2so2sjjvjw5ykyvu2dulzosgvuffq6sad.onion | NewDomain=jaz45aabn5vkemy4jkg4mi4syheisqn2wn2n4fsuitpccdackjwxplad.onion | Reason=시나리오 2: 도메인 변경됨 → jaz45aabn5vkemy4jkg4mi4syheisqn2wn2n4fsuitpccdackjwxplad.onion으로 업데이트 수행
2026-04-04 23:24:11,765 | DOMAIN_CHECK | Domain=lpiyu33yusoalp5kh3f4hak2so2sjjvjw5ykyvu2dulzosgvuffq6sad.onion | Accessible=False | Indexed=True | Concealed=False
2026-04-04 23:24:11,767 | DOMAIN_UPDATE | OldDomain=monero3tssjogwg5rj37hiawndkwge5eio5wtgwvt32fvzu5drpmzlqd.onion | NewDomain=darkfapi6h2dj3otkif3pammvj3b3rn5ddhd5tsd54l7ad3aqcnnh5ad.onion | Reason=시나리오 2: 도메인 변경됨 → darkfapi6h2dj3otkif3pammvj3b3rn5ddhd5tsd54l7ad3aqcnnh5ad.onion으로 업데이트 수행
2026-04-04 23:24:11,767 | DOMAIN_CHECK | Domain=monero3tssjogwg5rj37hiawndkwge5eio5wtgwvt32fvzu5drpmzlqd.onion | Accessible=False | Indexed=True | Concealed=False
2026-04-04 23:24:11,768 | DOMAIN_CHECK | Domain=ncidetfs7banpz2d7vpndev5somwoki5vwdpfty2k7javniujekit6ad.onion | Accessible=True | Indexed=True | Concealed=False
2026-04-04 23:24:11,770 | DOMAIN_UPDATE | OldDomain=pornhubvybmsymdol4iibwgwtkpwmeyd6luq2gxajgjzfjvotyt5zhyd.onion | NewDomain=darkfa45x2shrvof3j5inbxjkpprcsohplfj42rifsykyucai6upaxid.onion | Reason=시나리오 2: 도메인 변경됨 → darkfa45x2shrvof3j5inbxjkpprcsohplfj42rifsykyucai6upaxid.onion으로 업데이트 수행
2026-04-04 23:24:11,771 | DOMAIN_CHECK | Domain=pornhubvybmsymdol4iibwgwtkpwmeyd6luq2gxajgjzfjvotyt5zhyd.onion | Accessible=False | Indexed=True | Concealed=False
2026-04-04 23:24:11,772 | DOMAIN_CHECK | Domain=njallalafimoej5i4eg7vlnqjvmb6zhdh27qxcatdn647jtwwwui3nad.onion | Accessible=True | Indexed=True | Concealed=False
2026-04-04 23:24:11,773 | DOMAIN_CHECK | Domain=nehdddktmhvqklsnkjqcbpmb63htee2iznpcbs5tgzctipxykpj6yrid.onion | Accessible=True | Indexed=True | Concealed=False
2026-04-04 23:24:11,774 | DOMAIN_CHECK | Domain=piratebayo3klnzokct3wt5yyxb2vpebbuyjl7m623iaxmqhsd52coid.onion | Accessible=True | Indexed=True | Concealed=False
2026-04-04 23:24:11,775 | DOMAIN_CHECK | Domain=wmj5kiic7b6kjplpbvwadnht2nh2qnkbnqtcv3dyvpqtz7ssbssftxid.onion | Accessible=True | Indexed=True | Concealed=False
2026-04-04 23:24:11,776 | DOMAIN_CHECK | Domain=enxx3byspwsdo446jujc52ucy2pf5urdbhqw3kbsfhlfjwmbpj5smdad.onion | Accessible=True | Indexed=True | Concealed=False
2026-04-04 23:24:11,777 | DOMAIN_CHECK | Domain=tcecdnp2fhyxlcrjoyc2eimdjosr65hweut6y7r2u6b5y75yuvbkvfyd.onion | Accessible=True | Indexed=True | Concealed=False
2026-04-04 23:24:11,779 | DOMAIN_CHECK | Domain=fozdean5ayswi6jtseg2fgyysqt3dskoosmoc6gnqia4dxwxiuvg3oad.onion | Accessible=True | Indexed=True | Concealed=False
2026-04-04 23:24:11,780 | DOMAIN_CHECK | Domain=rurcblzhmdk22kttfkel2zduhyu3r6to7knyc7wiorzrx5gw4c3lftad.onion | Accessible=True | Indexed=True | Concealed=False
2026-04-04 23:24:11,781 | DOMAIN_CHECK | Domain=6voaf7iamjpufgwoulypzwwecsm2nu7j5jpgadav2rfqixmpl4d65kid.onion | Accessible=True | Indexed=True | Concealed=False
2026-04-04 23:24:11,782 | DOMAIN_CHECK | Domain=germania7zs27fu3gi76wlr5rd64cc2yjexyzvrbm4jufk7pibrpizad.onion | Accessible=True | Indexed=True | Concealed=False
2026-04-04 23:24:11,783 | DOMAIN_CHECK | Domain=fairfffoxrgxgi6tkcaxhxre2hpwiuf6autt75ianjkvmcn65dxxydad.onion | Accessible=False | Indexed=True | Concealed=False
2026-04-04 23:24:11,784 | DOMAIN_CHECK | Domain=livk2fpdv4xjnjrbxfz2tw3ptogqacn2dwfzxbxr3srinryxrcewemid.onion | Accessible=True | Indexed=True | Concealed=False
2026-04-04 23:24:11,785 | DOMAIN_CHECK | Domain=xdkriz6cn2avvcr2vks5lvvtmfojz2ohjzj4fhyuka55mvljeso2ztqd.onion | Accessible=True | Indexed=True | Concealed=False
2026-04-04 23:24:11,786 | DOMAIN_CHECK | Domain=6n5nbusxgyw46juqo3nt5v4zuivdbc7mzm74wlhg7arggetaui4yp4id.onion | Accessible=True | Indexed=True | Concealed=False
2026-04-04 23:24:11,789 | DOMAIN_UPDATE | OldDomain=darkmmro6j5xekpe7jje74maidkkkkw265nngjqxrv4ik7v3aiwdbtad.onion | NewDomain=tortaxi2dev6xjwbaydqzla77rrnth7yn2oqzjfmiuwn5h6vsk2a4syd.onion | Reason=시나리오 2: 도메인 변경됨 → tortaxi2dev6xjwbaydqzla77rrnth7yn2oqzjfmiuwn5h6vsk2a4syd.onion으로 업데이트 수행
2026-04-04 23:24:11,789 | DOMAIN_CHECK | Domain=darkmmro6j5xekpe7jje74maidkkkkw265nngjqxrv4ik7v3aiwdbtad.onion | Accessible=False | Indexed=True | Concealed=False
2026-04-04 23:24:11,790 | DOMAIN_CHECK | Domain=monerotoruzizulg5ttgat2emf4d6fbmiea25detrmmy7erypseyteyd.onion | Accessible=True | Indexed=True | Concealed=False
2026-04-04 23:24:11,793 | DOMAIN_UPDATE | OldDomain=pitchprash4aqilfr7sbmuwve3pnkpylqwxjbj2q5o4szcfeea6d27yd.onion | NewDomain=darklcdkooakzfpfef2bpo2yzjgeh3csdxgv6usiw223s7ay2ghdgnad.onion | Reason=시나리오 3: 도메인 이동됨 → darklcdkooakzfpfef2bpo2yzjgeh3csdxgv6usiw223s7ay2ghdgnad.onion으로 업데이트 수행
2026-04-04 23:24:11,793 | DOMAIN_CHECK | Domain=pitchprash4aqilfr7sbmuwve3pnkpylqwxjbj2q5o4szcfeea6d27yd.onion | Accessible=True | Indexed=True | Concealed=False
2026-04-04 23:24:11,795 | DOMAIN_UPDATE | OldDomain=darkmmk3owyft4zzg3j3t25ri4z5bw7klapq6q3l762kxra72sli4mid.onion | NewDomain=tortaxi2dev6xjwbaydqzla77rrnth7yn2oqzjfmiuwn5h6vsk2a4syd.onion | Reason=시나리오 2: 도메인 변경됨 → tortaxi2dev6xjwbaydqzla77rrnth7yn2oqzjfmiuwn5h6vsk2a4syd.onion으로 업데이트 수행
2026-04-04 23:24:11,796 | DOMAIN_CHECK | Domain=darkmmk3owyft4zzg3j3t25ri4z5bw7klapq6q3l762kxra72sli4mid.onion | Accessible=False | Indexed=True | Concealed=False
2026-04-04 23:24:11,798 | DOMAIN_UPDATE | OldDomain=pitchzzzoot5i4cpsblu2d5poifsyixo5r4litxkukstre5lrbjakxid.onion | NewDomain=dailydwusclfsu7fzwydc5emidexnesmdlzqmz2dxnx5x4thl42vj4qd.onion | Reason=시나리오 2: 도메인 변경됨 → dailydwusclfsu7fzwydc5emidexnesmdlzqmz2dxnx5x4thl42vj4qd.onion으로 업데이트 수행
2026-04-04 23:24:11,798 | DOMAIN_CHECK | Domain=pitchzzzoot5i4cpsblu2d5poifsyixo5r4litxkukstre5lrbjakxid.onion | Accessible=False | Indexed=True | Concealed=False
2026-04-04 23:24:11,801 | DOMAIN_UPDATE | OldDomain=tortimeswqlzti2aqbjoieisne4ubyuoeiiugel2layyudcfrwln76qd.onion | NewDomain=tortaxiprd6ybez7n7fnwwmcdo3efib5hv6z7ks463ya72bv7ovz7qqd.onion | Reason=시나리오 2: 도메인 변경됨 → tortaxiprd6ybez7n7fnwwmcdo3efib5hv6z7ks463ya72bv7ovz7qqd.onion으로 업데이트 수행
2026-04-04 23:24:11,801 | DOMAIN_CHECK | Domain=tortimeswqlzti2aqbjoieisne4ubyuoeiiugel2layyudcfrwln76qd.onion | Accessible=False | Indexed=True | Concealed=False
2026-04-04 23:24:11,803 | DOMAIN_CHECK | Domain=tp7mtouwvggdlm73vimqkuq7727a4ebrv4vf4cnk6lfg4fatxa6p2ryd.onion | Accessible=True | Indexed=True | Concealed=False
2026-04-04 23:24:11,806 | DOMAIN_CHECK | Domain=jqibjqqagao3peozxfs53tr6aecoyvctumfsc2xqniu4xgcrksal2iqd.onion | Accessible=True | Indexed=True | Concealed=False
2026-04-04 23:24:11,807 | DOMAIN_CHECK | Domain=pissmaiamldg5ciulncthgzudvh5d55dismyqf6qdkx372n2b5osefid.onion | Accessible=True | Indexed=True | Concealed=False
2026-04-04 23:24:11,811 | DOMAIN_UPDATE | OldDomain=xssforumv3isucukbxhdhwz67hoa5e2voakcfkuieq4ch257vsburuid.onion | NewDomain=hiddenhn6rh56qsoxft4vjus5jp5zycrw55n63skh7kqentg3rx6rpqd.onion | Reason=시나리오 2: 도메인 변경됨 → hiddenhn6rh56qsoxft4vjus5jp5zycrw55n63skh7kqentg3rx6rpqd.onion으로 업데이트 수행
2026-04-04 23:24:11,811 | DOMAIN_CHECK | Domain=xssforumv3isucukbxhdhwz67hoa5e2voakcfkuieq4ch257vsburuid.onion | Accessible=False | Indexed=True | Concealed=False
2026-04-04 23:24:11,812 | DOMAIN_CHECK | Domain=eternalcbrzpicytj4zyguygpmkjlkddxob7tptlr25cdipe5svyqoqd.onion | Accessible=True | Indexed=True | Concealed=False
2026-04-04 23:24:11,814 | DOMAIN_UPDATE | OldDomain=dumpliwoard5qsrrsroni7bdiishealhky4snigbzfmzcquwo3kml4id.onion | NewDomain=tomjertu6nwjxx4so4pvrjdqo2uqyb7wan66iufay32lzjjs3yfdm3qd.onion | Reason=시나리오 3: 도메인 이동됨 → tomjertu6nwjxx4so4pvrjdqo2uqyb7wan66iufay32lzjjs3yfdm3qd.onion으로 업데이트 수행
2026-04-04 23:24:11,814 | DOMAIN_CHECK | Domain=dumpliwoard5qsrrsroni7bdiishealhky4snigbzfmzcquwo3kml4id.onion | Accessible=True | Indexed=True | Concealed=False
2026-04-04 23:24:11,815 | DOMAIN_CHECK | Domain=featherdvtpi7ckdbkb2yxjfwx3oyvr3xjz3oo4rszylfzjdg6pbm3id.onion | Accessible=True | Indexed=True | Concealed=False
2026-04-04 23:24:11,816 | DOMAIN_CHECK | Domain=biblemeowimkh3utujmhm6oh2oeb3ubjw2lpgeq3lahrfr2l6ev6zgyd.onion | Accessible=True | Indexed=True | Concealed=False
2026-04-04 23:24:11,819 | DOMAIN_CHECK | Domain=ttq5m3lsdhjysspvof6m72lbygclzyeelvn3wgjj7m3fr4djvbgepwyd.onion | Accessible=True | Indexed=True | Concealed=False
2026-04-04 23:24:11,828 | DOMAIN_UPDATE | OldDomain=darkmat3kdxestusl437urshpsravq7oqb7t3m36u2l62vnmmldzdmid.onion | NewDomain=darklcdkooakzfpfef2bpo2yzjgeh3csdxgv6usiw223s7ay2ghdgnad.onion | Reason=시나리오 2: 도메인 변경됨 → darklcdkooakzfpfef2bpo2yzjgeh3csdxgv6usiw223s7ay2ghdgnad.onion으로 업데이트 수행
2026-04-04 23:24:11,828 | DOMAIN_CHECK | Domain=darkmat3kdxestusl437urshpsravq7oqb7t3m36u2l62vnmmldzdmid.onion | Accessible=False | Indexed=True | Concealed=False
2026-04-04 23:24:11,830 | DOMAIN_UPDATE | OldDomain=g66ol3eb5ujdckzqqfmjsbpdjufmjd5nsgdipvxmsh7rckzlhywlzlqd.onion | NewDomain=darkfapi6h2dj3otkif3pammvj3b3rn5ddhd5tsd54l7ad3aqcnnh5ad.onion | Reason=시나리오 2: 도메인 변경됨 → darkfapi6h2dj3otkif3pammvj3b3rn5ddhd5tsd54l7ad3aqcnnh5ad.onion으로 업데이트 수행
2026-04-04 23:24:11,830 | DOMAIN_CHECK | Domain=g66ol3eb5ujdckzqqfmjsbpdjufmjd5nsgdipvxmsh7rckzlhywlzlqd.onion | Accessible=False | Indexed=True | Concealed=False
2026-04-04 23:24:11,834 | DOMAIN_UPDATE | OldDomain=digdig2nugjpszzmqe5ep2bk7lqfpdlyrkojsx2j6kzalnrqtwedr3id.onion | NewDomain=dailydwusclfsu7fzwydc5emidexnesmdlzqmz2dxnx5x4thl42vj4qd.onion | Reason=시나리오 3: 도메인 이동됨 → dailydwusclfsu7fzwydc5emidexnesmdlzqmz2dxnx5x4thl42vj4qd.onion으로 업데이트 수행
2026-04-04 23:24:11,834 | DOMAIN_CHECK | Domain=digdig2nugjpszzmqe5ep2bk7lqfpdlyrkojsx2j6kzalnrqtwedr3id.onion | Accessible=True | Indexed=True | Concealed=False
2026-04-04 23:24:11,835 | DOMAIN_CHECK | Domain=dkforestseeaaq2dqz2uflmlsybvnq2irzn4ygyvu53oazyorednviid.onion | Accessible=True | Indexed=True | Concealed=False
2026-04-04 23:24:11,838 | DOMAIN_UPDATE | OldDomain=nzdnmfcf2z5pd3vwfyfy3jhwoubv6qnumdglspqhurqnuvr52khatdad.onion | NewDomain=szucmy6cwcnwr6smt2x2oxjt6nuzibvn24xnwkyoknfb7pca5fj4eyqd.onion | Reason=시나리오 2: 도메인 변경됨 → szucmy6cwcnwr6smt2x2oxjt6nuzibvn24xnwkyoknfb7pca5fj4eyqd.onion으로 업데이트 수행
2026-04-04 23:24:11,838 | DOMAIN_CHECK | Domain=nzdnmfcf2z5pd3vwfyfy3jhwoubv6qnumdglspqhurqnuvr52khatdad.onion | Accessible=False | Indexed=True | Concealed=False
2026-04-04 23:24:11,839 | DOMAIN_CHECK | Domain=danielas3rtn54uwmofdo3x2bsdifr47huasnmbgqzfrec5ubupvtpid.onion | Accessible=True | Indexed=True | Concealed=False
2026-04-04 23:24:11,841 | DOMAIN_CHECK | Domain=5gdvpfoh6kb2iqbizb37lzk2ddzrwa47m6rpdueg2m656fovmbhoptqd.onion | Accessible=True | Indexed=True | Concealed=False
2026-04-04 23:24:11,842 | DOMAIN_CHECK | Domain=volkancfgpi4c7ghph6id2t7vcntenuly66qjt6oedwtjmyj4tkk5oqd.onion | Accessible=True | Indexed=True | Concealed=False
2026-04-04 23:24:11,844 | DOMAIN_CHECK | Domain=x4ijfwy76n6jl7rs4qyhe6qi5rv6xyuos3kaczgjpjcajigjzk3k7wqd.onion | Accessible=True | Indexed=True | Concealed=False
2026-04-04 23:24:11,846 | DOMAIN_CHECK | Domain=xxtbwyb5z5bdvy2f6l2yquu5qilgkjeewno4qfknvb3lkg3nmoklitid.onion | Accessible=True | Indexed=True | Concealed=False
2026-04-04 23:24:11,847 | DOMAIN_CHECK | Domain=endchancxfbnrfgauuxlztwlckytq7rgeo5v6pc2zd4nyqo3khfam4ad.onion | Accessible=True | Indexed=True | Concealed=False
2026-04-04 23:24:11,848 | DOMAIN_CHECK | Domain=n5nicetryd2g945auj7nx831spltbv60hekfqwczimroyd.onion | Accessible=False | Indexed=False | Concealed=True
2026-04-04 23:24:11,850 | DOMAIN_CHECK | Domain=dnmirc4ammtmfnwtgomctcl7gdtwrkp2ymkzw6y6xelo5rqaqm3peiid.onion | Accessible=False | Indexed=False | Concealed=True
2026-04-04 23:24:11,852 | DOMAIN_CHECK | Domain=zlrw5ah9muci8pt6vqn27sefonolink4ulzwfgh14sdo5j7092tncp3d.onion | Accessible=False | Indexed=False | Concealed=True
2026-04-04 23:24:11,853 | DOMAIN_CHECK | Domain=d4vc2x8anolinkforyouvtf8phy32asrnzbouc06i7ewlgjdm4kx19qd.onion | Accessible=False | Indexed=False | Concealed=True
2026-04-04 23:24:11,856 | DOMAIN_CHECK | Domain=6oir2eg59fzksnq87mtxlolno60pm7fh4y9ecrivj18xn25u3bazdkqd.onion | Accessible=False | Indexed=False | Concealed=True
2026-04-04 23:24:11,859 | DOMAIN_UPDATE | OldDomain=tjtmpqpfng6upzv34cpw5cglycwzdpnae3xau56wprp2wp5sw32benyd.onion | NewDomain=darkzqtmbdeauwq5mzcmgeeuhet42fhfjj4p5wbak3ofx2yqgecoeqyd.onion | Reason=시나리오 2: 도메인 변경됨 → darkzqtmbdeauwq5mzcmgeeuhet42fhfjj4p5wbak3ofx2yqgecoeqyd.onion으로 업데이트 수행
2026-04-04 23:24:11,859 | DOMAIN_CHECK | Domain=tjtmpqpfng6upzv34cpw5cglycwzdpnae3xau56wprp2wp5sw32benyd.onion | Accessible=False | Indexed=True | Concealed=False
2026-04-04 23:24:11,861 | DOMAIN_CHECK | Domain=g23xe81lqhvrnso6w49jp0ayf7t5ilolnofm4h3xbu5o0tanj8zc6wgd.onion | Accessible=False | Indexed=False | Concealed=True
2026-04-04 23:24:11,863 | DOMAIN_UPDATE | OldDomain=q46wfsee26kj6oead5hg643oi363lgqiz3m45b2dwrizefryu2zdfrqd.onion | NewDomain=darkzqtmbdeauwq5mzcmgeeuhet42fhfjj4p5wbak3ofx2yqgecoeqyd.onion | Reason=시나리오 2: 도메인 변경됨 → darkzqtmbdeauwq5mzcmgeeuhet42fhfjj4p5wbak3ofx2yqgecoeqyd.onion으로 업데이트 수행
2026-04-04 23:24:11,863 | DOMAIN_CHECK | Domain=q46wfsee26kj6oead5hg643oi363lgqiz3m45b2dwrizefryu2zdfrqd.onion | Accessible=False | Indexed=True | Concealed=False
2026-04-04 23:24:11,865 | DOMAIN_CHECK | Domain=waa2dbeditmgttutm4m64jvwirmwtirhbuupngbhheddadyojgjsttid.onion | Accessible=False | Indexed=True | Concealed=False
2026-04-04 23:24:11,866 | DOMAIN_CHECK | Domain=pdunicetryovlz5a23x4896kmrpudy07gbt1cnejqhisfwd.onion | Accessible=False | Indexed=False | Concealed=True
2026-04-04 23:24:11,867 | DOMAIN_CHECK | Domain=dhme3vnfeleniirt5nxuhpmjsfq5srp44uyq2jyihhnrxus7ibfqhiqd.onion | Accessible=True | Indexed=False | Concealed=True
2026-04-04 23:24:11,870 | DOMAIN_UPDATE | OldDomain=superwtavnevo53im3jjqimhgj4nj5xopf765cidji6e4dkpsveb5wyd.onion | NewDomain=y7tqkd4jfeytglp3frsnebs6lcapl3zwohtq6cl76kju6htngvzrntyd.onion | Reason=시나리오 2: 도메인 변경됨 → y7tqkd4jfeytglp3frsnebs6lcapl3zwohtq6cl76kju6htngvzrntyd.onion으로 업데이트 수행
2026-04-04 23:24:11,870 | DOMAIN_CHECK | Domain=superwtavnevo53im3jjqimhgj4nj5xopf765cidji6e4dkpsveb5wyd.onion | Accessible=False | Indexed=True | Concealed=False
2026-04-04 23:24:11,871 | DOMAIN_CHECK | Domain=0plolno1jo8cfhi9xngpt0lby63az7q5e4dmvwrs2kud.onion | Accessible=False | Indexed=False | Concealed=True
2026-04-04 23:24:11,872 | DOMAIN_CHECK | Domain=mb552q7s75safalxcxnvlnkmsfni26i64dtbxv2on73rknui44jr7tid.onion | Accessible=True | Indexed=False | Concealed=True
2026-04-04 23:24:11,873 | DOMAIN_CHECK | Domain=anlov71u5bfd03w4novalidmirror36xso9vduyjwb4tpqf8n50zahgd.onion | Accessible=False | Indexed=False | Concealed=True
2026-04-04 23:24:11,875 | DOMAIN_CHECK | Domain=l9abw7muhs45r1znicetryu54d72bwk10hr8vtjiaqoy3clszm6xpf9d.onion | Accessible=False | Indexed=False | Concealed=True
2026-04-04 23:24:11,876 | DOMAIN_CHECK | Domain=70x6c1zqf5i42shmwdj893oeknotstupid1qep54afxmgjcho6d3sbld.onion | Accessible=False | Indexed=False | Concealed=True
2026-04-04 23:24:11,877 | DOMAIN_CHECK | Domain=tbiscwg9xnicetry6irbfec140lqgjy3nu9a7s8txmkhpzv5o2dwd.onion | Accessible=False | Indexed=False | Concealed=True
2026-04-04 23:24:11,878 | DOMAIN_CHECK | Domain=ialolno451qdth2v86ebslcyf3ukaj97o0wnpxmrzigd.onion | Accessible=False | Indexed=False | Concealed=True
2026-04-04 23:24:11,879 | DOMAIN_CHECK | Domain=jtw7r26khnpeqg0cybnolink4u4ao6mznrgji5xk9wcb3tphsqd0v71d.onion | Accessible=False | Indexed=False | Concealed=True
2026-04-04 23:24:11,881 | DOMAIN_CHECK | Domain=07z4nolinkforyoui5lrp6ygjhv2q4cwn90o8be3kmxatzsuf17dd.onion | Accessible=False | Indexed=False | Concealed=True
2026-04-04 23:24:11,882 | DOMAIN_CHECK | Domain=dur28cx9q5yeahvalidlinkdszc261n790u45rkipot8jxqvghfyawbd.onion | Accessible=False | Indexed=False | Concealed=True
2026-04-04 23:24:11,884 | DOMAIN_CHECK | Domain=sv0oan6rdt41qnovalidmirror4qcsmleo3ghfkrzp0by18269vtu7nd.onion | Accessible=False | Indexed=False | Concealed=True
2026-04-04 23:24:11,887 | DOMAIN_UPDATE | OldDomain=darkmmaugjlnyv7i367vwddz4jkvy2sdlaeutb2uilgs5g3no54mb4qd.onion | NewDomain=tortaxi2dev6xjwbaydqzla77rrnth7yn2oqzjfmiuwn5h6vsk2a4syd.onion | Reason=시나리오 2: 도메인 변경됨 → tortaxi2dev6xjwbaydqzla77rrnth7yn2oqzjfmiuwn5h6vsk2a4syd.onion으로 업데이트 수행
2026-04-04 23:24:11,887 | DOMAIN_CHECK | Domain=darkmmaugjlnyv7i367vwddz4jkvy2sdlaeutb2uilgs5g3no54mb4qd.onion | Accessible=False | Indexed=True | Concealed=False
2026-04-04 23:24:11,889 | DOMAIN_CHECK | Domain=amnesia6iuqn46eyzcgymhzpom3gkqpj6yxacdpvu4mbq7sgskn6hvid.onion | Accessible=False | Indexed=False | Concealed=True
2026-04-04 23:24:11,890 | DOMAIN_CHECK | Domain=kpraa7hen7q22rdidorpfdf4f4aw3duh5gceysitd3tasfiidipxcmyd.onion | Accessible=True | Indexed=False | Concealed=True
2026-04-04 23:24:11,891 | DOMAIN_CHECK | Domain=bsjlhnolink4ubow342s9unv85gmdjeyhxcqz6pfiktra01l7d.onion | Accessible=False | Indexed=False | Concealed=True
2026-04-04 23:24:11,892 | DOMAIN_CHECK | Domain=7ctg5zfyoslqa1krpmdxb38uwhjnotstupid821e97qwirhcn4utgsod.onion | Accessible=False | Indexed=False | Concealed=True
2026-04-04 23:24:11,893 | DOMAIN_CHECK | Domain=k39r2j0n47bu1vlnovalidmirroridc260zqyge18xfjknw9rp7543od.onion | Accessible=False | Indexed=False | Concealed=True
2026-04-04 23:24:11,894 | DOMAIN_CHECK | Domain=infinityjs5qob5euyao745kp5x2hh4xquh7qs5cze3kcxv63xdwxlad.onion | Accessible=True | Indexed=False | Concealed=True
2026-04-04 23:24:11,895 | DOMAIN_CHECK | Domain=xmxmrjoqo63c5notr2ds2t3pdpsg4ysqqe6e6uu2pycecmjs4ekzpmyd.onion | Accessible=True | Indexed=True | Concealed=False
2026-04-04 23:24:11,897 | DOMAIN_CHECK | Domain=5r6auy0gfhsb1nwzoxdqjt2knicetrykz7vadfbnhpj10x3l9t8yquod.onion | Accessible=False | Indexed=False | Concealed=True
2026-04-04 23:24:11,898 | DOMAIN_CHECK | Domain=rjocosf2mfgkrlsrr5k52nb4lbldhiazajqcjtr35w2ulumlbggnmmad.onion | Accessible=True | Indexed=False | Concealed=True
2026-04-04 23:24:11,899 | DOMAIN_CHECK | Domain=oqtcgexq2x2vimgaymekiasmiuaeosgqxjr5qhb4d4kgs7scc2zkokad.onion | Accessible=True | Indexed=False | Concealed=True
2026-04-04 23:24:11,901 | DOMAIN_CHECK | Domain=2ci3tvfrwashbm1kx684npzl9nolink4ujyp7ua1vowxk2qhbg0tr96d.onion | Accessible=False | Indexed=False | Concealed=True
2026-04-04 23:24:11,903 | DOMAIN_CHECK | Domain=vvedndyt433kopnhv6vejxnut54y5752vpxshjaqmj7ftwiu6quiv2ad.onion | Accessible=True | Indexed=True | Concealed=False
2026-04-04 23:24:11,904 | DOMAIN_CHECK | Domain=tortaxi2dev6xjwbaydqzla77rrnth7yn2oqzjfmiuwn5h6vsk2a4syd.onion | Accessible=True | Indexed=True | Concealed=False
2026-04-04 23:24:11,905 | DOMAIN_CHECK | Domain=0nfs8wz6g3rcelhqj7v9yx5lolnoskry95dzf1gh4e0ntu26viqowald.onion | Accessible=False | Indexed=False | Concealed=True
2026-04-04 23:24:11,906 | DOMAIN_CHECK | Domain=b7h4kuwo3yeahvalidlink36xrmkb745v0h1qtejgpsyiadnocfuzl9d.onion | Accessible=False | Indexed=False | Concealed=True
2026-04-04 23:24:11,908 | DOMAIN_CHECK | Domain=8m9sny3uwrhtpq5nomirror4uujkoxfl3r10v6728hgbn5adyw9pcted.onion | Accessible=False | Indexed=False | Concealed=True
2026-04-04 23:24:11,911 | DOMAIN_CHECK | Domain=qr2pbd8n41jev6w3axltuc059hzmknovalidmirror18jxp5974aowld.onion | Accessible=False | Indexed=False | Concealed=True
2026-04-04 23:24:11,913 | DOMAIN_UPDATE | OldDomain=torzon4kv5swfazrziqvel2imhxcckc4otcvopiv5lnxzpqu4v4m5iyd.onion | NewDomain=darkzqtmbdeauwq5mzcmgeeuhet42fhfjj4p5wbak3ofx2yqgecoeqyd.onion | Reason=시나리오 3: 도메인 이동됨 → darkzqtmbdeauwq5mzcmgeeuhet42fhfjj4p5wbak3ofx2yqgecoeqyd.onion으로 업데이트 수행
2026-04-04 23:24:11,913 | DOMAIN_CHECK | Domain=torzon4kv5swfazrziqvel2imhxcckc4otcvopiv5lnxzpqu4v4m5iyd.onion | Accessible=True | Indexed=True | Concealed=False
2026-04-04 23:24:11,915 | DOMAIN_CHECK | Domain=jp43npzv6hjvgovphlrvpaagoowhvy2rdz2374cmyoqi4nwvqkfp7tid.onion | Accessible=True | Indexed=False | Concealed=True
2026-04-04 23:24:11,916 | DOMAIN_CHECK | Domain=gyhz30l1n9kejvamqwuotbic865nicetrym9tnrxzqfkc0h4wyide17d.onion | Accessible=False | Indexed=False | Concealed=True
2026-04-04 23:24:11,917 | DOMAIN_CHECK | Domain=xhvmg45l1satpew037qrbkd6yfjicnolinkforyou4qmbd8jh9a1fo7d.onion | Accessible=False | Indexed=False | Concealed=True
2026-04-04 23:24:11,919 | DOMAIN_CHECK | Domain=fd0vl1z4qemu6h9ciyeahvalidlinkid7pvgm3ctjsryezb46q8ohw1d.onion | Accessible=False | Indexed=False | Concealed=True
2026-04-04 23:24:11,922 | DOMAIN_UPDATE | OldDomain=7hlducio2a57if4vk5yt7g63cbs42dffztcmkyjjrb7bmdy5iuuyi7qd.onion | NewDomain=darkzqtmbdeauwq5mzcmgeeuhet42fhfjj4p5wbak3ofx2yqgecoeqyd.onion | Reason=시나리오 2: 도메인 변경됨 → darkzqtmbdeauwq5mzcmgeeuhet42fhfjj4p5wbak3ofx2yqgecoeqyd.onion으로 업데이트 수행
2026-04-04 23:24:11,922 | DOMAIN_CHECK | Domain=7hlducio2a57if4vk5yt7g63cbs42dffztcmkyjjrb7bmdy5iuuyi7qd.onion | Accessible=False | Indexed=True | Concealed=False
2026-04-04 23:24:11,923 | DOMAIN_CHECK | Domain=7qn43p2vauxshkgm01znovalidmirrorij2c7aeuo3hxprsywfzv691d.onion | Accessible=False | Indexed=False | Concealed=True
2026-04-04 23:24:11,925 | DOMAIN_CHECK | Domain=jyemolzgxnolinkforyou98mehjgx4brcvu20owp6da7lynzfiqs13kd.onion | Accessible=False | Indexed=False | Concealed=True
2026-04-04 23:24:11,927 | DOMAIN_CHECK | Domain=jyhpsf7rz54u0dabnolinkforyouqehlanxu2im8f0zjo43gd5rbckvd.onion | Accessible=False | Indexed=False | Concealed=True
2026-04-04 23:24:11,928 | DOMAIN_CHECK | Domain=m6zgc2usfqyzyi3jrketzhuksosezfdrflrboh4imrbzspgme4n4gnid.onion | Accessible=True | Indexed=False | Concealed=True
2026-04-04 23:24:11,929 | DOMAIN_CHECK | Domain=2e380xiwhmogbfjnicetryamijqowy8hpbz4lt1nkr5uxfe60s9g7v3d.onion | Accessible=False | Indexed=False | Concealed=True
2026-04-04 23:24:11,931 | DOMAIN_CHECK | Domain=y5cxrszqujaewkl6itgh8obpn3nomirror4uvcaxq1pm47b9wnio30ud.onion | Accessible=False | Indexed=False | Concealed=True
2026-04-04 23:24:11,932 | DOMAIN_CHECK | Domain=sun2axmapeu2u66xjlt5qgappb3q3cubnhesgrfrxef56juxyd4yw7id.onion | Accessible=True | Indexed=False | Concealed=True
2026-04-04 23:24:11,933 | DOMAIN_CHECK | Domain=97n36l5zrbotjxyeahvalidlink5fnrs1mlud3k0hpwcbt47oyi2vz6d.onion | Accessible=False | Indexed=False | Concealed=True
2026-04-04 23:24:11,934 | DOMAIN_CHECK | Domain=p7nplvfgb4yxovywiwtq74tjjirel7wx6vigthhsamac4gmjjiqfvzid.onion | Accessible=True | Indexed=False | Concealed=True
2026-04-04 23:24:11,937 | DOMAIN_UPDATE | OldDomain=zqnepw2dvsjtdjypbwurugtp3g46am55ugbx2wc2o4dsvuayamhtavqd.onion | NewDomain=3q6ytxkudm5zeaje3xg7sg6ogzqy6bugchpshwgvj6ckao4m3u2dsgyd.onion | Reason=시나리오 2: 도메인 변경됨 → 3q6ytxkudm5zeaje3xg7sg6ogzqy6bugchpshwgvj6ckao4m3u2dsgyd.onion으로 업데이트 수행
2026-04-04 23:24:11,937 | DOMAIN_CHECK | Domain=zqnepw2dvsjtdjypbwurugtp3g46am55ugbx2wc2o4dsvuayamhtavqd.onion | Accessible=False | Indexed=True | Concealed=False
2026-04-04 23:24:11,939 | DOMAIN_CHECK | Domain=usopqxk5rnotstupidb67kgfth48cmyqp52u9iasjlr13ozdn0evxwd.onion | Accessible=False | Indexed=False | Concealed=True
2026-04-04 23:24:11,940 | DOMAIN_CHECK | Domain=253lzrvsjnh61eycuqp7bfmdgikxwanicetrylmgbr2i5s9xhcq01z8d.onion | Accessible=False | Indexed=False | Concealed=True
2026-04-04 23:24:11,941 | DOMAIN_CHECK | Domain=0n23dryexq1v8ic6h9nicetryor1dmqeszfl7j2xnvuyac9igpk83w4d.onion | Accessible=False | Indexed=False | Concealed=True
2026-04-04 23:24:11,942 | DOMAIN_CHECK | Domain=t4ns0zrw18ei6m23fglvnotstupidiqc74thnmlsxa9frjyep168o0dd.onion | Accessible=False | Indexed=False | Concealed=True
2026-04-04 23:24:11,943 | DOMAIN_CHECK | Domain=idb8va16ezm3hrloxk5n29gwypjsnicetry4bk05dqt3hzjg86nlimud.onion | Accessible=False | Indexed=False | Concealed=True
2026-04-04 23:24:11,944 | DOMAIN_CHECK | Domain=ncoa1v84jw3xgt0ie5yqkdlpmh7lolnonyfrmgj1h3lsiq592tbk0vzd.onion | Accessible=False | Indexed=False | Concealed=True
2026-04-04 23:24:11,945 | DOMAIN_CHECK | Domain=blackops3zlgfuq4dg4yrtxoe57u3sxfa34kqzbooqbovutleqhf3zqd.onion | Accessible=True | Indexed=True | Concealed=False
2026-04-04 23:24:11,946 | DOMAIN_CHECK | Domain=q4us9a6wkrzyeahvalidlinkr43ax2tv9ob618dekq5pw0ljich7fmsd.onion | Accessible=False | Indexed=False | Concealed=True
2026-04-04 23:24:11,947 | DOMAIN_CHECK | Domain=zuif1byhckv7nicetry1s5m03t2onjxquighvryezc9p4d7akbw86fld.onion | Accessible=False | Indexed=False | Concealed=True
2026-04-04 23:24:11,948 | DOMAIN_CHECK | Domain=twumos48fk3xrbnicetry86fqr03wbkpha9jvd2t4u1egx7coys5lmzd.onion | Accessible=False | Indexed=False | Concealed=True
2026-04-04 23:24:11,950 | DOMAIN_UPDATE | OldDomain=ujgkk42xmmip6h567srdlleefgb7hemc424cwzylrvxzgvsyoou6atid.onion | NewDomain=darkzqtmbdeauwq5mzcmgeeuhet42fhfjj4p5wbak3ofx2yqgecoeqyd.onion | Reason=시나리오 2: 도메인 변경됨 → darkzqtmbdeauwq5mzcmgeeuhet42fhfjj4p5wbak3ofx2yqgecoeqyd.onion으로 업데이트 수행
2026-04-04 23:24:11,950 | DOMAIN_CHECK | Domain=ujgkk42xmmip6h567srdlleefgb7hemc424cwzylrvxzgvsyoou6atid.onion | Accessible=False | Indexed=True | Concealed=False
2026-04-04 23:24:11,952 | DOMAIN_CHECK | Domain=8ntwq96c0fe7a1kxbl5vnicetryrw69galtz8oksb4i5ux3pyje0m2qd.onion | Accessible=False | Indexed=False | Concealed=True
2026-04-04 23:24:11,953 | DOMAIN_CHECK | Domain=bcd8xigqve3khmoz4r207u5lynyeahvalidlinko6x4wbejr2if7nm5d.onion | Accessible=False | Indexed=False | Concealed=True
2026-04-04 23:24:11,954 | DOMAIN_CHECK | Domain=841anovalidmirrorvjeti245ln1pb68fmwsroyz3xqa9kud7gc0hd.onion | Accessible=False | Indexed=False | Concealed=True
2026-04-04 23:24:11,955 | DOMAIN_CHECK | Domain=pd4anicetryeti54wzosx30uhcv2bj8np6179adlgykmrfqd.onion | Accessible=False | Indexed=False | Concealed=True
2026-04-04 23:24:11,956 | DOMAIN_CHECK | Domain=ar413kuf6wxqnbezc059tdl7i8novalidmirrorsiyhlgx1nd73jrqzd.onion | Accessible=False | Indexed=False | Concealed=True
2026-04-04 23:24:11,957 | DOMAIN_CHECK | Domain=7wlpus1mvan4ide9thgroz63xkjynolinkforyour64ofjqti3mpkadd.onion | Accessible=False | Indexed=False | Concealed=True
2026-04-04 23:24:11,958 | DOMAIN_CHECK | Domain=03cz6nkd8p14o9lax7hw5relolno54lnfjmo2qyzrkx73beighcw8uad.onion | Accessible=False | Indexed=False | Concealed=True
2026-04-04 23:24:11,959 | DOMAIN_CHECK | Domain=mf2w4novalidmirroruskhfm05db7196a2gxrinlveojczq38tywp4d.onion | Accessible=False | Indexed=False | Concealed=True
2026-04-04 23:24:11,960 | DOMAIN_CHECK | Domain=apig2yathivs562p4gkgtpe4azrqlgxohopsgddrkjxkegkxdt75wqqd.onion | Accessible=True | Indexed=False | Concealed=True
2026-04-04 23:24:11,961 | DOMAIN_CHECK | Domain=y2qbcye6itrhd4tysifctwqvu4mjkt6wfb2imehs6a7pklmqjkw5udqd.onion | Accessible=True | Indexed=False | Concealed=True
2026-04-04 23:24:11,962 | DOMAIN_CHECK | Domain=9dxbenwo6ti0u3fj7hsnolink4uvu7l0iy39qkdthfrsmpac6xwen2od.onion | Accessible=False | Indexed=False | Concealed=True
2026-04-04 23:24:11,963 | DOMAIN_CHECK | Domain=eisrgs2wyyzaxemtaof3n2kqqxuxdx3y7r5vwfi7rukn3z7owxweznid.onion | Accessible=True | Indexed=True | Concealed=False
2026-04-04 23:24:11,965 | DOMAIN_UPDATE | OldDomain=245mkrsljsgp3fdxp2hjw3pifplluznozd2lcqiojkc3n7zxdbc455id.onion | NewDomain=darkzqtmbdeauwq5mzcmgeeuhet42fhfjj4p5wbak3ofx2yqgecoeqyd.onion | Reason=시나리오 2: 도메인 변경됨 → darkzqtmbdeauwq5mzcmgeeuhet42fhfjj4p5wbak3ofx2yqgecoeqyd.onion으로 업데이트 수행
2026-04-04 23:24:11,965 | DOMAIN_CHECK | Domain=245mkrsljsgp3fdxp2hjw3pifplluznozd2lcqiojkc3n7zxdbc455id.onion | Accessible=False | Indexed=True | Concealed=False
2026-04-04 23:24:11,966 | DOMAIN_CHECK | Domain=0xu2qdz7i1aynf5ewrk3jgnicetryqv51d0png9otyuhxbzjli3a7fed.onion | Accessible=False | Indexed=False | Concealed=True
2026-04-04 23:24:11,969 | DOMAIN_UPDATE | OldDomain=darkmmnjhxn5sf3j2rz3hy36kdotf3apgfh4g6iez6cb2q2feazlsuad.onion | NewDomain=tortaxi2dev6xjwbaydqzla77rrnth7yn2oqzjfmiuwn5h6vsk2a4syd.onion | Reason=시나리오 2: 도메인 변경됨 → tortaxi2dev6xjwbaydqzla77rrnth7yn2oqzjfmiuwn5h6vsk2a4syd.onion으로 업데이트 수행
2026-04-04 23:24:11,969 | DOMAIN_CHECK | Domain=darkmmnjhxn5sf3j2rz3hy36kdotf3apgfh4g6iez6cb2q2feazlsuad.onion | Accessible=False | Indexed=True | Concealed=False
2026-04-04 23:24:11,970 | DOMAIN_CHECK | Domain=2zumbg6cqpnolink4uw267kravqtsi9jcyhp0zlgf18do3ue5mnx4bd.onion | Accessible=False | Indexed=False | Concealed=True
2026-04-04 23:24:11,971 | DOMAIN_CHECK | Domain=3worldshxh35jvqlcnkoibw7q6wdguoxikdsf2hovxjk2afimd2r4oad.onion | Accessible=False | Indexed=False | Concealed=True
2026-04-04 23:24:11,972 | DOMAIN_CHECK | Domain=57hmz37zpibfjmt4zhejgn7mjhalpf2py7xr4m4i7gyen6547tee7nad.onion | Accessible=True | Indexed=False | Concealed=True
2026-04-04 23:24:11,973 | DOMAIN_CHECK | Domain=mhanh3ymqx4lmghvcq5eyoq3mjj5qzanvt6i7yvwhytsv6xjuymg4fid.onion | Accessible=False | Indexed=False | Concealed=True
2026-04-04 23:24:11,975 | DOMAIN_UPDATE | OldDomain=ppuffp3oytdydd2cpwnztrrikxo7l3fh4ode5taoa2huokleetx346ad.onion | NewDomain=juhanurmihxlp77nkq76byazcldy2hlmovfu2epvl5ankdibsot4csyd.onion | Reason=시나리오 2: 도메인 변경됨 → juhanurmihxlp77nkq76byazcldy2hlmovfu2epvl5ankdibsot4csyd.onion으로 업데이트 수행
2026-04-04 23:24:11,975 | DOMAIN_CHECK | Domain=ppuffp3oytdydd2cpwnztrrikxo7l3fh4ode5taoa2huokleetx346ad.onion | Accessible=False | Indexed=True | Concealed=False
2026-04-04 23:24:11,978 | DOMAIN_UPDATE | OldDomain=goldtx2kn64bru6ozftz2kgdm6mulzjbokdh3dlmefgfbmiu7usbfnid.onion | NewDomain=juhanurmihxlp77nkq76byazcldy2hlmovfu2epvl5ankdibsot4csyd.onion | Reason=시나리오 2: 도메인 변경됨 → juhanurmihxlp77nkq76byazcldy2hlmovfu2epvl5ankdibsot4csyd.onion으로 업데이트 수행
2026-04-04 23:24:11,978 | DOMAIN_CHECK | Domain=goldtx2kn64bru6ozftz2kgdm6mulzjbokdh3dlmefgfbmiu7usbfnid.onion | Accessible=False | Indexed=True | Concealed=False
2026-04-04 23:24:11,979 | DOMAIN_CHECK | Domain=3cyhe9mpx24oigvjnotstupid92l3nuckaitr84fyhgqeospxz157jwd.onion | Accessible=False | Indexed=False | Concealed=True
2026-04-04 23:24:11,980 | DOMAIN_CHECK | Domain=u1ebfp7wlts80mxnotstupidn96b0wz42pae73sor8gmyucfkvi1txdd.onion | Accessible=False | Indexed=False | Concealed=True
2026-04-04 23:24:11,981 | DOMAIN_CHECK | Domain=pwcbe0k2vrt9nau7s51y4mzigflnotstupid3pw69ioudkz4m8v7h5xd.onion | Accessible=False | Indexed=False | Concealed=True
2026-04-04 23:24:11,982 | DOMAIN_CHECK | Domain=u5mg9to31znx2a0h4b7lsqnomirror4ui8ueqd5t7kr3p9anbjx1scmd.onion | Accessible=False | Indexed=False | Concealed=True
2026-04-04 23:24:11,983 | DOMAIN_CHECK | Domain=darkzqtmbdeauwq5mzcmgeeuhet42fhfjj4p5wbak3ofx2yqgecoeqyd.onion | Accessible=True | Indexed=True | Concealed=False
2026-04-04 23:24:11,984 | DOMAIN_CHECK | Domain=dnztp3unovalidmirrorocsaiu5x69l3ntzvrk71jw4bh2q8gdy0mped.onion | Accessible=False | Indexed=False | Concealed=True
2026-04-04 23:24:11,985 | DOMAIN_CHECK | Domain=pcehlo9mzwvgdu5nicetrya9gpei5dk4bsvc0towz8ly3j2u1nq76fxd.onion | Accessible=False | Indexed=False | Concealed=True
2026-04-04 23:24:11,986 | DOMAIN_CHECK | Domain=euojypgr94n1csbwl5hi8tmnotstupidqzuclx0krtn6ge7hdp2ab4vd.onion | Accessible=False | Indexed=False | Concealed=True
2026-04-04 23:24:11,987 | DOMAIN_CHECK | Domain=c5feretjinxxgfeqkl7larx5hdwyqsvnwf72h2xepgcahsezhbv6naqd.onion | Accessible=True | Indexed=False | Concealed=True
2026-04-04 23:24:11,989 | DOMAIN_CHECK | Domain=gardeni2xtbqdpn3mndvod5rzewor2rlo2g5iuyniqwd7vbyt7cwcrqd.onion | Accessible=True | Indexed=True | Concealed=False
2026-04-04 23:24:11,992 | DOMAIN_UPDATE | OldDomain=sglgj2fytneccvyn6n4u3pacj4zhdhscfoptnhxxes3uvljmontru2yd.onion | NewDomain=darklcdkooakzfpfef2bpo2yzjgeh3csdxgv6usiw223s7ay2ghdgnad.onion | Reason=시나리오 2: 도메인 변경됨 → darklcdkooakzfpfef2bpo2yzjgeh3csdxgv6usiw223s7ay2ghdgnad.onion으로 업데이트 수행
2026-04-04 23:24:11,992 | DOMAIN_CHECK | Domain=sglgj2fytneccvyn6n4u3pacj4zhdhscfoptnhxxes3uvljmontru2yd.onion | Accessible=False | Indexed=True | Concealed=False
2026-04-04 23:24:11,995 | DOMAIN_UPDATE | OldDomain=fnc26zcinywhldpv5za5ocafznw4jsumy2zcuhiri6sqwmnpy2bzmuad.onion | NewDomain=darkzqtmbdeauwq5mzcmgeeuhet42fhfjj4p5wbak3ofx2yqgecoeqyd.onion | Reason=시나리오 2: 도메인 변경됨 → darkzqtmbdeauwq5mzcmgeeuhet42fhfjj4p5wbak3ofx2yqgecoeqyd.onion으로 업데이트 수행
2026-04-04 23:24:11,995 | DOMAIN_CHECK | Domain=fnc26zcinywhldpv5za5ocafznw4jsumy2zcuhiri6sqwmnpy2bzmuad.onion | Accessible=False | Indexed=True | Concealed=False
2026-04-04 23:24:11,996 | DOMAIN_CHECK | Domain=qoc42ohmwfff37ngdeqc4eqpu2tlpe6kvaz2c76gy7hjtdewwz4firad.onion | Accessible=True | Indexed=False | Concealed=True
2026-04-04 23:24:11,998 | DOMAIN_CHECK | Domain=nordicmvfyz7uiellfbbtuytiuk2ew7sfwulsxjr2eanux7vi6w2rhad.onion | Accessible=True | Indexed=True | Concealed=False
2026-04-04 23:24:11,999 | DOMAIN_CHECK | Domain=cryptbbtg65gibadeeo2awe3j7s6evg7eklserehqr4w4e2bis5tebid.onion | Accessible=True | Indexed=True | Concealed=False
2026-04-04 23:24:12,000 | DOMAIN_CHECK | Domain=o98gnzdvyrtsum5xhnomirror4uveqhxwnfku6gm3jcp1abzt7l8or0d.onion | Accessible=False | Indexed=False | Concealed=True
2026-04-04 23:24:12,008 | DOMAIN_UPDATE | OldDomain=darkmmka22ckaagrnkgyx6kba2brra3ulhz3grfo4fz425nr7owcncad.onion | NewDomain=tortaxi2dev6xjwbaydqzla77rrnth7yn2oqzjfmiuwn5h6vsk2a4syd.onion | Reason=시나리오 2: 도메인 변경됨 → tortaxi2dev6xjwbaydqzla77rrnth7yn2oqzjfmiuwn5h6vsk2a4syd.onion으로 업데이트 수행
2026-04-04 23:24:12,008 | DOMAIN_CHECK | Domain=darkmmka22ckaagrnkgyx6kba2brra3ulhz3grfo4fz425nr7owcncad.onion | Accessible=False | Indexed=True | Concealed=False
2026-04-04 23:24:12,009 | DOMAIN_CHECK | Domain=darkfailenbsdla5mal2mxn2uz66od5vtzd5qozslagrfzachha3f3id.onion | Accessible=True | Indexed=True | Concealed=False
2026-04-04 23:24:12,010 | DOMAIN_CHECK | Domain=z179oaynicetry5g8v6ja1lre4dtqcmikwby32p07onf9uhszxd.onion | Accessible=False | Indexed=False | Concealed=True
2026-04-04 23:24:12,021 | DOMAIN_CHECK | Domain=u0xahfn138mspgj5tz2wbelrqnolinkforyou2qoarb0iuejdtm96hyd.onion | Accessible=False | Indexed=False | Concealed=True
2026-04-04 23:24:12,026 | DOMAIN_CHECK | Domain=vnto42pq1ue6xfhwa930dlszmgrinolink4uxejbo97iv3cq1r2n5khd.onion | Accessible=False | Indexed=False | Concealed=True
2026-04-04 23:24:12,027 | DOMAIN_CHECK | Domain=blackops4zfjqugajzrwokor34sv4sm5sf6pnegaevhgd7k7yt3rkbid.onion | Accessible=True | Indexed=True | Concealed=False
2026-04-04 23:24:12,030 | DOMAIN_CHECK | Domain=vt85lolno9whnrxmd8iqctakuspvebz054l1oy2f3gj67d.onion | Accessible=False | Indexed=False | Concealed=True
2026-04-04 23:24:12,031 | DOMAIN_CHECK | Domain=pdlmh5h5scwo2tsosr76iax76bcy54ul2djnzhamo4oydwzzkjf32mid.onion | Accessible=False | Indexed=False | Concealed=True
2026-04-04 23:24:12,032 | DOMAIN_CHECK | Domain=lph74cjud19s0enomirror4unzjbuh937pqof0s2rgcdw8ilxymvkaed.onion | Accessible=False | Indexed=False | Concealed=True
2026-04-04 23:24:12,033 | DOMAIN_CHECK | Domain=ymc64ntvaheqkoux0lolno05opdyilbw6jgvkaz7tm4ushf8x3cre92d.onion | Accessible=False | Indexed=False | Concealed=True
2026-04-04 23:24:12,034 | DOMAIN_CHECK | Domain=xk7ab96v8rezd3m5ulyj4iscqlolnocw9urijso584pnz72hv6xt3qbd.onion | Accessible=False | Indexed=False | Concealed=True
2026-04-04 23:24:12,036 | DOMAIN_CHECK | Domain=oznq4sgba08956fymuwplehtyeahvalidlinkjzlom463vu20sbat5fd.onion | Accessible=False | Indexed=False | Concealed=True
2026-04-04 23:24:12,037 | DOMAIN_CHECK | Domain=2lkv7o38cfm0rqwynotstupidjlu803z5hq2fpxnkgvt1scwdr6mb7yd.onion | Accessible=False | Indexed=False | Concealed=True
2026-04-04 23:24:12,040 | DOMAIN_CHECK | Domain=h7n54v1tbq0rp8loeaz63wyfxyeahvalidlink0wge8apljfnv3zbosd.onion | Accessible=False | Indexed=False | Concealed=True
2026-04-04 23:24:12,041 | DOMAIN_CHECK | Domain=fv1xyiz5squjbdcr36notstupidkbvpucy4lj1fd5i9hmtor6q7x2gad.onion | Accessible=False | Indexed=False | Concealed=True
2026-04-04 23:24:12,043 | DOMAIN_CHECK | Domain=v21r0pu5iy369tochkglolnosuwkj7zyqclvnbh45mdt1a8e9036pxod.onion | Accessible=False | Indexed=False | Concealed=True
2026-04-04 23:24:12,047 | DOMAIN_CHECK | Domain=lsdexpbuxfadzthov4cjsxialnf5kon4sz5oen6j6l3v2f46bfd6j5id.onion | Accessible=True | Indexed=False | Concealed=True
2026-04-04 23:24:12,049 | DOMAIN_CHECK | Domain=lfo14ue0jgs75hpnomirror4u5rmoxjcq43fwe9ulista7np0621gdvd.onion | Accessible=False | Indexed=False | Concealed=True
2026-04-04 23:24:12,054 | DOMAIN_CHECK | Domain=gblperon56j8h9u27qscmdw4tiyanotstupidrquk1xyoizjb8pel6nd.onion | Accessible=False | Indexed=False | Concealed=True
2026-04-04 23:24:12,055 | DOMAIN_CHECK | Domain=vd3jbeg14upn8f7zh95imqnolink4uhtclrpko2ujgmq0binxvd7zead.onion | Accessible=False | Indexed=False | Concealed=True
2026-04-04 23:24:12,056 | DOMAIN_CHECK | Domain=vyzs5g3m8x2r9euhqinicetry9vbu8q0yczt6nojxf524mhdgwl1r73d.onion | Accessible=False | Indexed=False | Concealed=True
2026-04-04 23:24:12,057 | DOMAIN_CHECK | Domain=jhdnotstupids3fad498u7tp60nzyrh5xbig1oejwlkcvmq2d.onion | Accessible=False | Indexed=False | Concealed=True
2026-04-04 23:24:12,058 | DOMAIN_CHECK | Domain=narcooqom5mfevbeb6gck5tg5y2g2f5grywcu7cp4b3bvsmlvph66wqd.onion | Accessible=False | Indexed=False | Concealed=True
2026-04-04 23:24:12,059 | DOMAIN_CHECK | Domain=syf69pxo8dwklceg2r0j7hzmnnolink4u1czbxk8fhmy095wtqji23vd.onion | Accessible=False | Indexed=False | Concealed=True
2026-04-04 23:24:12,060 | DOMAIN_CHECK | Domain=blackops66p7edjocooiipudvefdhupk27pi4y72iwnbbjvccky646yd.onion | Accessible=True | Indexed=True | Concealed=False
2026-04-04 23:24:12,062 | DOMAIN_CHECK | Domain=suprbaydvdcaynfo4dgdzgxb4zuso7rftlil5yg5kqjefnw4wq4ulcad.onion | Accessible=True | Indexed=True | Concealed=False
2026-04-04 23:24:12,063 | DOMAIN_CHECK | Domain=skoutchtiq6i473shdg2ycebalkqherg2ham2suvcoto6wtns5fpjvid.onion | Accessible=False | Indexed=False | Concealed=True
2026-04-04 23:24:12,064 | DOMAIN_CHECK | Domain=libraryfyuybp7oyidyya3ah5xvwgyx6weauoini7zyz555litmmumad.onion | Accessible=True | Indexed=True | Concealed=False
2026-04-04 23:24:12,065 | DOMAIN_CHECK | Domain=msiqw9p8ulolnoks2nl1ymd50uzhtpb893cfr6weiqg4xajvo7d.onion | Accessible=False | Indexed=False | Concealed=True
2026-04-04 23:24:12,066 | DOMAIN_CHECK | Domain=0a4gu1yovrceh86ilolnoi4orp19vgydkw83s7mhja60lqxnufceb5td.onion | Accessible=False | Indexed=False | Concealed=True
2026-04-04 23:24:12,067 | DOMAIN_CHECK | Domain=6emgxas4pvwhegctqemi3b64zhrr7xdryasgbktzrlqo7sc3wbboxdyd.onion | Accessible=True | Indexed=False | Concealed=True
2026-04-04 23:24:12,068 | DOMAIN_CHECK | Domain=rau3dph698n1z4jg5tlcsx2fvyknovalidmirrorklzy83tjegs0bu1d.onion | Accessible=False | Indexed=False | Concealed=True
2026-04-04 23:24:12,069 | DOMAIN_CHECK | Domain=mfalt7xuksgz1lolnofps2jcdwazhmnurkt37b9i6qlveoy54g801xd.onion | Accessible=False | Indexed=False | Concealed=True
2026-04-04 23:24:12,070 | DOMAIN_CHECK | Domain=rcup7wo6sfjia148xd9q2bgnolinkforyouey790sv6zhqbidgal5tkd.onion | Accessible=False | Indexed=False | Concealed=True
2026-04-04 23:24:12,071 | DOMAIN_CHECK | Domain=95sdhru3fz6kjvg1l2ca0b8teynotstupidv1sdpjber5aik0c9zogtd.onion | Accessible=False | Indexed=False | Concealed=True
2026-04-04 23:24:12,072 | DOMAIN_CHECK | Domain=9p2o18nuyeahvalidlinko39ekjp8tlfi4uxb71hgcqmvr052z6naysd.onion | Accessible=False | Indexed=False | Concealed=True
2026-04-04 23:24:12,075 | DOMAIN_UPDATE | OldDomain=c5p4khnw66o6mrjpzxoszn5jqlqeynw75s5jf6whzts2g74dd4bvqxid.onion | NewDomain=3q6ytxkudm5zeaje3xg7sg6ogzqy6bugchpshwgvj6ckao4m3u2dsgyd.onion | Reason=시나리오 2: 도메인 변경됨 → 3q6ytxkudm5zeaje3xg7sg6ogzqy6bugchpshwgvj6ckao4m3u2dsgyd.onion으로 업데이트 수행
2026-04-04 23:24:12,075 | DOMAIN_CHECK | Domain=c5p4khnw66o6mrjpzxoszn5jqlqeynw75s5jf6whzts2g74dd4bvqxid.onion | Accessible=False | Indexed=True | Concealed=False
2026-04-04 23:24:12,076 | DOMAIN_CHECK | Domain=2bnolinkforyouatjlqhognfvsyx2z9b57mckew8i0rp4u136dd.onion | Accessible=False | Indexed=False | Concealed=True
2026-04-04 23:24:12,077 | DOMAIN_CHECK | Domain=pnlolnodxajmy5zcvh1l03i4w2b9os6kqfur7ep8tngd.onion | Accessible=False | Indexed=False | Concealed=True
2026-04-04 23:24:12,078 | DOMAIN_CHECK | Domain=kklv24tay3qygskfk4airzs53uwyuu5ulmncjwrfbm6em56uakixuhad.onion | Accessible=True | Indexed=False | Concealed=True
2026-04-04 23:24:12,079 | DOMAIN_CHECK | Domain=9z3wf6hvsqdxny5pinotstupidhv6l5agd4t9n18ze7pymi3r0fkqoud.onion | Accessible=False | Indexed=False | Concealed=True
2026-04-04 23:24:12,080 | DOMAIN_CHECK | Domain=3ucnr5wdeyimxnovalidmirrora26wu8pze0qh9x1dngtir3yo7fkm4d.onion | Accessible=False | Indexed=False | Concealed=True
2026-04-04 23:24:12,081 | DOMAIN_CHECK | Domain=i0kxeazltympcs3nolinkforyou9ima6db5jns0l2k4u7wp31qghro8d.onion | Accessible=False | Indexed=False | Concealed=True
2026-04-04 23:24:12,082 | DOMAIN_CHECK | Domain=torbox36ijlcevujx7mjb4oiusvwgvmue7jfn2cvutwa6kl6to3uyqad.onion | Accessible=True | Indexed=True | Concealed=False
2026-04-04 23:24:12,083 | DOMAIN_CHECK | Domain=blackops527cggb6ybayggx3bjt24xz32rotdugs6ikejxdiik6dyiid.onion | Accessible=True | Indexed=True | Concealed=False
2026-04-04 23:24:12,085 | DOMAIN_UPDATE | OldDomain=5fcewlhdjn2gs4op4on6k2nea6nqmtn65wdohyodfahcvcumciv3soad.onion | NewDomain=darkzqtmbdeauwq5mzcmgeeuhet42fhfjj4p5wbak3ofx2yqgecoeqyd.onion | Reason=시나리오 2: 도메인 변경됨 → darkzqtmbdeauwq5mzcmgeeuhet42fhfjj4p5wbak3ofx2yqgecoeqyd.onion으로 업데이트 수행
2026-04-04 23:24:12,085 | DOMAIN_CHECK | Domain=5fcewlhdjn2gs4op4on6k2nea6nqmtn65wdohyodfahcvcumciv3soad.onion | Accessible=False | Indexed=True | Concealed=False
2026-04-04 23:24:12,086 | DOMAIN_CHECK | Domain=w0ijlnomirror4udqsnt8rwbf9c3epx2kh54ol1giz7ju6ayv0md.onion | Accessible=False | Indexed=False | Concealed=True
2026-04-04 23:24:12,087 | DOMAIN_CHECK | Domain=cebulka7uxchnbpvmqapg5pfos4ngaxglsktzvha7a5rigndghvadeyd.onion | Accessible=True | Indexed=True | Concealed=False
2026-04-04 23:24:12,088 | DOMAIN_CHECK | Domain=fn2b4tg4nfo7lu67dg4txdv7nrvfqavhg3pxlqnrgpfo7jz4g6hxamid.onion | Accessible=True | Indexed=False | Concealed=True
2026-04-04 23:24:12,089 | DOMAIN_CHECK | Domain=wdi8ntovelrkg1f63pyxqj7novalidmirrorbtrg7ek1i6j29s0v5ohd.onion | Accessible=False | Indexed=False | Concealed=True
2026-04-04 23:24:12,090 | DOMAIN_CHECK | Domain=jws5rbbkxgpxh7cohufx6e5uqpslh6fbrhyylcwrkiq5svycb56hd7ad.onion | Accessible=True | Indexed=False | Concealed=True
2026-04-04 23:24:12,092 | DOMAIN_CHECK | Domain=eq1fgirpknicetryw7vr9y24znqlhdxtsbkc0ougemj1p653ia8fd.onion | Accessible=False | Indexed=False | Concealed=True
2026-04-04 23:24:12,094 | DOMAIN_UPDATE | OldDomain=wk6dwjxq5yfjnt2i7zz7vcrppb6hzrmxlq6sxxwhisco2e44wpkcvdad.onion | NewDomain=darkzqtmbdeauwq5mzcmgeeuhet42fhfjj4p5wbak3ofx2yqgecoeqyd.onion | Reason=시나리오 2: 도메인 변경됨 → darkzqtmbdeauwq5mzcmgeeuhet42fhfjj4p5wbak3ofx2yqgecoeqyd.onion으로 업데이트 수행
2026-04-04 23:24:12,094 | DOMAIN_CHECK | Domain=wk6dwjxq5yfjnt2i7zz7vcrppb6hzrmxlq6sxxwhisco2e44wpkcvdad.onion | Accessible=False | Indexed=True | Concealed=False
2026-04-04 23:24:12,095 | DOMAIN_CHECK | Domain=0h34upyekbow1m8cv7fd5a6gt9znicetry53h47wf6aqzgic9ury2jod.onion | Accessible=False | Indexed=False | Concealed=True
2026-04-04 23:24:12,097 | DOMAIN_UPDATE | OldDomain=addyrskyo2fdmiawv26taertu65ozizsusb6bup3mjn5v2kwogbsdyid.onion | NewDomain=y7tqkd4jfeytglp3frsnebs6lcapl3zwohtq6cl76kju6htngvzrntyd.onion | Reason=시나리오 2: 도메인 변경됨 → y7tqkd4jfeytglp3frsnebs6lcapl3zwohtq6cl76kju6htngvzrntyd.onion으로 업데이트 수행
2026-04-04 23:24:12,097 | DOMAIN_CHECK | Domain=addyrskyo2fdmiawv26taertu65ozizsusb6bup3mjn5v2kwogbsdyid.onion | Accessible=False | Indexed=True | Concealed=False
2026-04-04 23:24:12,101 | DOMAIN_UPDATE | OldDomain=6v4gemuzsix2p5q3feuz4bwvrbi75ycw665diwcltymkfhwmnxhkz6id.onion | NewDomain=darkzqtmbdeauwq5mzcmgeeuhet42fhfjj4p5wbak3ofx2yqgecoeqyd.onion | Reason=시나리오 2: 도메인 변경됨 → darkzqtmbdeauwq5mzcmgeeuhet42fhfjj4p5wbak3ofx2yqgecoeqyd.onion으로 업데이트 수행
2026-04-04 23:24:12,101 | DOMAIN_CHECK | Domain=6v4gemuzsix2p5q3feuz4bwvrbi75ycw665diwcltymkfhwmnxhkz6id.onion | Accessible=False | Indexed=True | Concealed=False
2026-04-04 23:24:12,102 | DOMAIN_CHECK | Domain=fqnsra71nolink4ugpzjli9a8mv7uo325sbfc6hntk4ywqe10dxrd.onion | Accessible=False | Indexed=False | Concealed=True
2026-04-04 23:24:12,104 | DOMAIN_UPDATE | OldDomain=gyrwc2fhteu3jvpf5hywojfumxjjxplm2vkgcy4tziwpqaaz2wtirzqd.onion | NewDomain=zqktlwiuavvvqqt4ybvgvi7tyo4hjl5xgfuvpdf6otjiycgwqbym2qad.onion | Reason=시나리오 3: 도메인 이동됨 → zqktlwiuavvvqqt4ybvgvi7tyo4hjl5xgfuvpdf6otjiycgwqbym2qad.onion으로 업데이트 수행
2026-04-04 23:24:12,104 | DOMAIN_CHECK | Domain=gyrwc2fhteu3jvpf5hywojfumxjjxplm2vkgcy4tziwpqaaz2wtirzqd.onion | Accessible=True | Indexed=True | Concealed=False
2026-04-04 23:24:12,105 | DOMAIN_CHECK | Domain=khut832y6xpwq79l0r4g1njefsam5nolink4uf9j74oxn3c5suagr12d.onion | Accessible=False | Indexed=False | Concealed=True
2026-04-04 23:24:12,109 | DOMAIN_UPDATE | OldDomain=pdtnkswh4ewn6cn5mq3ghyx276w5echzjnjoftvxsfbfnpdbapamaaqd.onion | NewDomain=darkzqtmbdeauwq5mzcmgeeuhet42fhfjj4p5wbak3ofx2yqgecoeqyd.onion | Reason=시나리오 2: 도메인 변경됨 → darkzqtmbdeauwq5mzcmgeeuhet42fhfjj4p5wbak3ofx2yqgecoeqyd.onion으로 업데이트 수행
2026-04-04 23:24:12,109 | DOMAIN_CHECK | Domain=pdtnkswh4ewn6cn5mq3ghyx276w5echzjnjoftvxsfbfnpdbapamaaqd.onion | Accessible=False | Indexed=True | Concealed=False
2026-04-04 23:24:12,111 | DOMAIN_CHECK | Domain=32czjfh0tr9in1qapsm7bwyeahvalidlinkz3fiuv7stdya8xpeqh14d.onion | Accessible=False | Indexed=False | Concealed=True
2026-04-04 23:24:12,112 | DOMAIN_CHECK | Domain=earfkiq4my0swcnomirror4ujp7hyuf1lzt43g69odevm8k2wcbx0ard.onion | Accessible=False | Indexed=False | Concealed=True
2026-04-04 23:24:12,120 | DOMAIN_CHECK | Domain=7bj1w26um3ix9fk8ynvld0ogsrqpnomirror4uwpstcj9m0aub46oild.onion | Accessible=False | Indexed=False | Concealed=True
2026-04-04 23:24:12,121 | DOMAIN_CHECK | Domain=78uafzh0ctn1yo2lj5vbd4x3wiyeahvalidlinktpuzgonfrsm7xkc6d.onion | Accessible=False | Indexed=False | Concealed=True
2026-04-04 23:24:12,122 | DOMAIN_CHECK | Domain=pqpk7bpkpnmxqr6zmvk7kjtfwwusecwaiih77cmowl2trvocerjw3bad.onion | Accessible=True | Indexed=False | Concealed=True
2026-04-04 23:24:12,124 | DOMAIN_UPDATE | OldDomain=3c7caoyxqz3hd4pepb5owa6ac7qyrcceeu2wg73n3jrcpar664nyd3qd.onion | NewDomain=darkzqtmbdeauwq5mzcmgeeuhet42fhfjj4p5wbak3ofx2yqgecoeqyd.onion | Reason=시나리오 2: 도메인 변경됨 → darkzqtmbdeauwq5mzcmgeeuhet42fhfjj4p5wbak3ofx2yqgecoeqyd.onion으로 업데이트 수행
2026-04-04 23:24:12,124 | DOMAIN_CHECK | Domain=3c7caoyxqz3hd4pepb5owa6ac7qyrcceeu2wg73n3jrcpar664nyd3qd.onion | Accessible=False | Indexed=True | Concealed=False
2026-04-04 23:24:12,127 | DOMAIN_UPDATE | OldDomain=rushrushxdfjtczgaux2tyw62nqcucwkrfboobxdg435ydvfsvag3lqd.onion | NewDomain=juhanurmihxlp77nkq76byazcldy2hlmovfu2epvl5ankdibsot4csyd.onion | Reason=시나리오 2: 도메인 변경됨 → juhanurmihxlp77nkq76byazcldy2hlmovfu2epvl5ankdibsot4csyd.onion으로 업데이트 수행
2026-04-04 23:24:12,127 | DOMAIN_CHECK | Domain=rushrushxdfjtczgaux2tyw62nqcucwkrfboobxdg435ydvfsvag3lqd.onion | Accessible=False | Indexed=True | Concealed=False
2026-04-04 23:24:12,128 | DOMAIN_CHECK | Domain=gurisfen5hldqpc0jow42my37novalidmirrormt8yhs0vcd6l4b2erd.onion | Accessible=False | Indexed=False | Concealed=True
2026-04-04 23:24:12,129 | DOMAIN_CHECK | Domain=o68vlolnoz14r09sny6cleftabgj73hdomk8vp2ix5uwqd.onion | Accessible=False | Indexed=False | Concealed=True
2026-04-04 23:24:12,130 | DOMAIN_CHECK | Domain=gardenjsprbg5fchsmofxdjsti76dd7use3v4q4z2suqfgeytjylliid.onion | Accessible=True | Indexed=True | Concealed=False
2026-04-04 23:24:12,132 | DOMAIN_UPDATE | OldDomain=rfxzftj455ujrbzyqfw7dsaephyppkn6k3prbn7tlhcew43almqi2fid.onion | NewDomain=3q6ytxkudm5zeaje3xg7sg6ogzqy6bugchpshwgvj6ckao4m3u2dsgyd.onion | Reason=시나리오 2: 도메인 변경됨 → 3q6ytxkudm5zeaje3xg7sg6ogzqy6bugchpshwgvj6ckao4m3u2dsgyd.onion으로 업데이트 수행
2026-04-04 23:24:12,132 | DOMAIN_CHECK | Domain=rfxzftj455ujrbzyqfw7dsaephyppkn6k3prbn7tlhcew43almqi2fid.onion | Accessible=False | Indexed=True | Concealed=False
2026-04-04 23:24:12,133 | DOMAIN_CHECK | Domain=stoiegdjpgm7fn54lebx4hilitxdeovkutpc4ya34xetjwjeq7hootid.onion | Accessible=True | Indexed=False | Concealed=True
2026-04-04 23:24:12,134 | DOMAIN_CHECK | Domain=p2qzxkca42e3wccvqgby7jrcbzlf6g7pnkvybnau4szl5ykdydzmvbid.onion | Accessible=True | Indexed=True | Concealed=False
2026-04-04 23:24:12,137 | DOMAIN_UPDATE | OldDomain=spywaredrcdg5krvjnukp3vbdwiqcv3zwbrcg6qh27kiwecm4qyfphid.onion | NewDomain=jaz45aabn5vkemy4jkg4mi4syheisqn2wn2n4fsuitpccdackjwxplad.onion | Reason=시나리오 2: 도메인 변경됨 → jaz45aabn5vkemy4jkg4mi4syheisqn2wn2n4fsuitpccdackjwxplad.onion으로 업데이트 수행
2026-04-04 23:24:12,137 | DOMAIN_CHECK | Domain=spywaredrcdg5krvjnukp3vbdwiqcv3zwbrcg6qh27kiwecm4qyfphid.onion | Accessible=False | Indexed=True | Concealed=False
2026-04-04 23:24:12,138 | DOMAIN_CHECK | Domain=paavlaytlfsqyvkg3yqj7hflfg5jw2jdg2fgkza5ruf6lplwseeqtvyd.onion | Accessible=False | Indexed=True | Concealed=False
2026-04-04 23:24:12,141 | DOMAIN_UPDATE | OldDomain=dngtk6iydmpokbyyk3irqznceft3hze6q6rasrqlz46v7pq4klxnl4yd.onion | NewDomain=jaz45aabn5vkemy4jkg4mi4syheisqn2wn2n4fsuitpccdackjwxplad.onion | Reason=시나리오 2: 도메인 변경됨 → jaz45aabn5vkemy4jkg4mi4syheisqn2wn2n4fsuitpccdackjwxplad.onion으로 업데이트 수행
2026-04-04 23:24:12,141 | DOMAIN_CHECK | Domain=dngtk6iydmpokbyyk3irqznceft3hze6q6rasrqlz46v7pq4klxnl4yd.onion | Accessible=False | Indexed=True | Concealed=False
2026-04-04 23:24:12,143 | DOMAIN_UPDATE | OldDomain=darkzzx4avcsuofgfez5zq75cqc4mprjvfqywo45dfcaxrwqg6qrlfid.onion | NewDomain=hidlisnonhc6ogbdlx3f4jpln43hyzvn6tbzvfqgv727v3kar3so3dad.onion | Reason=시나리오 2: 도메인 변경됨 → hidlisnonhc6ogbdlx3f4jpln43hyzvn6tbzvfqgv727v3kar3so3dad.onion으로 업데이트 수행
2026-04-04 23:24:12,143 | DOMAIN_CHECK | Domain=darkzzx4avcsuofgfez5zq75cqc4mprjvfqywo45dfcaxrwqg6qrlfid.onion | Accessible=False | Indexed=True | Concealed=False
2026-04-04 23:24:12,145 | DOMAIN_UPDATE | OldDomain=cct5wy6mzgmft24xzw6zeaf55aaqmo6324gjlsghdhbiw5gdaaf4pkad.onion | NewDomain=jaz45aabn5vkemy4jkg4mi4syheisqn2wn2n4fsuitpccdackjwxplad.onion | Reason=시나리오 2: 도메인 변경됨 → jaz45aabn5vkemy4jkg4mi4syheisqn2wn2n4fsuitpccdackjwxplad.onion으로 업데이트 수행
2026-04-04 23:24:12,145 | DOMAIN_CHECK | Domain=cct5wy6mzgmft24xzw6zeaf55aaqmo6324gjlsghdhbiw5gdaaf4pkad.onion | Accessible=False | Indexed=True | Concealed=False
2026-04-04 23:24:12,146 | DOMAIN_CHECK | Domain=okayd5ljzdv4gzrtiqlhtzjbflymfny2bxc2eacej3tamu2nyka7bxad.onion | Accessible=True | Indexed=True | Concealed=False
2026-04-04 23:24:12,149 | DOMAIN_UPDATE | OldDomain=secmail63sex4dfw6h2nsrbmfz2z6alwxe4e3adtkpd4pcvkhht4jdad.onion | NewDomain=abyssou4y5ang24dn4cfkrwd3fsiczx7xg7n7mzlcthrpktfcar6j2qd.onion | Reason=시나리오 2: 도메인 변경됨 → abyssou4y5ang24dn4cfkrwd3fsiczx7xg7n7mzlcthrpktfcar6j2qd.onion으로 업데이트 수행
2026-04-04 23:24:12,149 | DOMAIN_CHECK | Domain=secmail63sex4dfw6h2nsrbmfz2z6alwxe4e3adtkpd4pcvkhht4jdad.onion | Accessible=False | Indexed=True | Concealed=False
2026-04-04 23:24:12,151 | DOMAIN_UPDATE | OldDomain=ovai7wvp4yj6jl3wbzihypbq657vpape7lggrlah4pl34utwjrpetwid.onion | NewDomain=uwbgdziyojur7ng25d24ggezbdtbf6myjcls2x6eu7vm6hldsxoonwqd.onion | Reason=시나리오 2: 도메인 변경됨 → uwbgdziyojur7ng25d24ggezbdtbf6myjcls2x6eu7vm6hldsxoonwqd.onion으로 업데이트 수행
2026-04-04 23:24:12,151 | DOMAIN_CHECK | Domain=ovai7wvp4yj6jl3wbzihypbq657vpape7lggrlah4pl34utwjrpetwid.onion | Accessible=False | Indexed=True | Concealed=False
2026-04-04 23:24:12,154 | DOMAIN_UPDATE | OldDomain=usmost4cbpesx552s2s4ti3c4nk2xgiu763vhcs3b4uc4ppp3zwnscyd.onion | NewDomain=uwbgdziyojur7ng25d24ggezbdtbf6myjcls2x6eu7vm6hldsxoonwqd.onion | Reason=시나리오 2: 도메인 변경됨 → uwbgdziyojur7ng25d24ggezbdtbf6myjcls2x6eu7vm6hldsxoonwqd.onion으로 업데이트 수행
2026-04-04 23:24:12,154 | DOMAIN_CHECK | Domain=usmost4cbpesx552s2s4ti3c4nk2xgiu763vhcs3b4uc4ppp3zwnscyd.onion | Accessible=False | Indexed=True | Concealed=False
2026-04-04 23:24:12,155 | DOMAIN_CHECK | Domain=zsxjtsgzborzdllyp64c6pwnjz5eic76bsksbxzqefzogwcydnkjy3yd.onion | Accessible=True | Indexed=True | Concealed=False
2026-04-04 23:24:12,156 | DOMAIN_CHECK | Domain=t43fsf65omvf7grt46wlt2eo5jbj3hafyvbdb7jtr2biyre5v24pebad.onion | Accessible=True | Indexed=True | Concealed=False
2026-04-04 23:24:12,157 | DOMAIN_CHECK | Domain=sga5n7zx6qjty7uwvkxpwstyoh73shst6mx3okouv53uks7ks47msayd.onion | Accessible=True | Indexed=True | Concealed=False
2026-04-04 23:24:12,158 | DOMAIN_CHECK | Domain=jgwe5cjqdbyvudjqskaajbfibfewew4pndx52dye7ug3mt3jimmktkid.onion | Accessible=False | Indexed=True | Concealed=False
2026-04-04 23:24:12,159 | DOMAIN_CHECK | Domain=xjfbpuj56rdazx4iolylxplbvyft2onuerjeimlcqwaihp3s6r4xebqd.onion | Accessible=True | Indexed=True | Concealed=False
2026-04-04 23:24:12,161 | DOMAIN_CHECK | Domain=kx5thpx2olielkihfyo4jgjqfb7zx7wxr3sd4xzt26ochei4m6f7tayd.onion | Accessible=False | Indexed=True | Concealed=False
2026-04-04 23:24:12,164 | DOMAIN_UPDATE | OldDomain=rfyb5tlhiqtiavwhikdlvb3fumxgqwtg2naanxtiqibidqlox5vispqd.onion | NewDomain=uwbgdziyojur7ng25d24ggezbdtbf6myjcls2x6eu7vm6hldsxoonwqd.onion | Reason=시나리오 2: 도메인 변경됨 → uwbgdziyojur7ng25d24ggezbdtbf6myjcls2x6eu7vm6hldsxoonwqd.onion으로 업데이트 수행
2026-04-04 23:24:12,164 | DOMAIN_CHECK | Domain=rfyb5tlhiqtiavwhikdlvb3fumxgqwtg2naanxtiqibidqlox5vispqd.onion | Accessible=False | Indexed=True | Concealed=False
2026-04-04 23:24:12,167 | DOMAIN_UPDATE | OldDomain=prjd5pmbug2cnfs67s3y65ods27vamswdaw2lnwf45ys3pjl55h2gwqd.onion | NewDomain=uwbgdziyojur7ng25d24ggezbdtbf6myjcls2x6eu7vm6hldsxoonwqd.onion | Reason=시나리오 2: 도메인 변경됨 → uwbgdziyojur7ng25d24ggezbdtbf6myjcls2x6eu7vm6hldsxoonwqd.onion으로 업데이트 수행
2026-04-04 23:24:12,167 | DOMAIN_CHECK | Domain=prjd5pmbug2cnfs67s3y65ods27vamswdaw2lnwf45ys3pjl55h2gwqd.onion | Accessible=False | Indexed=True | Concealed=False
2026-04-04 23:24:12,168 | DOMAIN_CHECK | Domain=kq4okz5kf4xosbsnvdr45uukjhbm4oameb6k6agjjsydycvflcewl4qd.onion | Accessible=True | Indexed=True | Concealed=False
2026-04-04 23:24:12,169 | DOMAIN_CHECK | Domain=guzjgkpodzshso2nohspxijzk5jgoaxzqioa7vzy6qdmwpz3hq4mwfid.onion | Accessible=True | Indexed=True | Concealed=False
2026-04-04 23:24:12,172 | DOMAIN_UPDATE | OldDomain=archivebyd3rzt3ehjpm4c3bjkyxv3hjleiytnvxcn7x32psn2kxcuid.onion | NewDomain=jaz45aabn5vkemy4jkg4mi4syheisqn2wn2n4fsuitpccdackjwxplad.onion | Reason=시나리오 2: 도메인 변경됨 → jaz45aabn5vkemy4jkg4mi4syheisqn2wn2n4fsuitpccdackjwxplad.onion으로 업데이트 수행
2026-04-04 23:24:12,172 | DOMAIN_CHECK | Domain=archivebyd3rzt3ehjpm4c3bjkyxv3hjleiytnvxcn7x32psn2kxcuid.onion | Accessible=False | Indexed=True | Concealed=False
2026-04-04 23:24:12,173 | DOMAIN_CHECK | Domain=s57divisqlcjtsyutxjz2ww77vlbwpxgodtijcsrgsuts4js5hnxkhqd.onion | Accessible=True | Indexed=True | Concealed=False
2026-04-04 23:24:12,174 | DOMAIN_CHECK | Domain=gd5x24pjoan2pddc2fs6jlmnqbawq562d2qyk6ym4peu5ihzy6gd4jad.onion | Accessible=True | Indexed=True | Concealed=False
2026-04-04 23:24:12,177 | DOMAIN_UPDATE | OldDomain=s4k4ceiapwwgcm3mkb6e4diqecpo7kvdnfr5gg7sph7jjppqkvwwqtyd.onion | NewDomain=gshgttai7df4giyizjsf3n4cpjda3gg7iipm5vl3q7i3ttgp6pvyjqqd.onion | Reason=시나리오 2: 도메인 변경됨 → gshgttai7df4giyizjsf3n4cpjda3gg7iipm5vl3q7i3ttgp6pvyjqqd.onion으로 업데이트 수행
2026-04-04 23:24:12,177 | DOMAIN_CHECK | Domain=s4k4ceiapwwgcm3mkb6e4diqecpo7kvdnfr5gg7sph7jjppqkvwwqtyd.onion | Accessible=False | Indexed=True | Concealed=False
2026-04-04 23:24:12,180 | DOMAIN_UPDATE | OldDomain=4usoivrpy52lmc4mgn2h34cmfiltslesthr56yttv2pxudd3dapqciyd.onion | NewDomain=jaz45aabn5vkemy4jkg4mi4syheisqn2wn2n4fsuitpccdackjwxplad.onion | Reason=시나리오 2: 도메인 변경됨 → jaz45aabn5vkemy4jkg4mi4syheisqn2wn2n4fsuitpccdackjwxplad.onion으로 업데이트 수행
2026-04-04 23:24:12,180 | DOMAIN_CHECK | Domain=4usoivrpy52lmc4mgn2h34cmfiltslesthr56yttv2pxudd3dapqciyd.onion | Accessible=False | Indexed=True | Concealed=False
2026-04-04 23:24:12,181 | DOMAIN_CHECK | Domain=bible4u2lvhacg4b3to2e2veqpwmrc2c3tjf2wuuqiz332vlwmr4xbad.onion | Accessible=False | Indexed=True | Concealed=False
2026-04-04 23:24:12,182 | DOMAIN_CHECK | Domain=nv3x2jozywh63fkohn5mwp2d73vasusjixn3im3ueof52fmbjsigw6ad.onion | Accessible=True | Indexed=True | Concealed=False
2026-04-04 23:24:12,183 | DOMAIN_CHECK | Domain=xf2gry25d3tyxkiu2xlvczd3q7jl6yyhtpodevjugnxia2u665asozad.onion | Accessible=True | Indexed=True | Concealed=False
2026-04-04 23:24:12,184 | DOMAIN_CHECK | Domain=odahix2ysdtqp4lgak4h2rsnd35dmkdx3ndzjbdhk3jiviqkljfjmnqd.onion | Accessible=True | Indexed=True | Concealed=False
2026-04-04 23:24:12,186 | DOMAIN_CHECK | Domain=zqktlwiuavvvqqt4ybvgvi7tyo4hjl5xgfuvpdf6otjiycgwqbym2qad.onion | Accessible=True | Indexed=True | Concealed=False
2026-04-04 23:24:12,187 | DOMAIN_CHECK | Domain=mp3fpv6xbrwka4skqliiifoizghfbjy5uyu77wwnfruwub5s4hly2oid.onion | Accessible=False | Indexed=True | Concealed=False
2026-04-04 23:24:12,188 | DOMAIN_CHECK | Domain=xykxv6fmblogxgmzjm5wt6akdhm4wewiarjzcngev4tupgjlyugmc7qd.onion | Accessible=True | Indexed=True | Concealed=False
2026-04-04 23:24:12,189 | DOMAIN_CHECK | Domain=ymvhtqya23wqpez63gyc3ke4svju3mqsby2awnhd3bk2e65izt7baqad.onion | Accessible=True | Indexed=True | Concealed=False
2026-04-04 23:24:12,190 | DOMAIN_CHECK | Domain=rxmyl3izgquew65nicavsk6loyyblztng6puq42firpvbe32sefvnbad.onion | Accessible=True | Indexed=True | Concealed=False
2026-04-04 23:24:12,191 | DOMAIN_CHECK | Domain=7mejofwihleuugda5kfnr7tupvfbaqntjqnfxc4hwmozlcmj2cey3hqd.onion | Accessible=True | Indexed=True | Concealed=False
2026-04-04 23:24:12,192 | DOMAIN_CHECK | Domain=iwggpyxn6qv3b2twpwtyhi2sfvgnby2albbcotcysd5f7obrlwbdbkyd.onion | Accessible=False | Indexed=True | Concealed=False
2026-04-04 23:24:12,193 | DOMAIN_CHECK | Domain=wbz2lrxhw4dd7h5t2wnoczmcz5snjpym4pr7dzjmah4vi6yywn37bdyd.onion | Accessible=False | Indexed=True | Concealed=False
2026-04-04 23:24:12,195 | DOMAIN_UPDATE | OldDomain=killnod2s77o3axkktdu52aqmmy4acisz2gicbhjm4xbvxa2zfftteyd.onion | NewDomain=jaz45aabn5vkemy4jkg4mi4syheisqn2wn2n4fsuitpccdackjwxplad.onion | Reason=시나리오 2: 도메인 변경됨 → jaz45aabn5vkemy4jkg4mi4syheisqn2wn2n4fsuitpccdackjwxplad.onion으로 업데이트 수행
2026-04-04 23:24:12,195 | DOMAIN_CHECK | Domain=killnod2s77o3axkktdu52aqmmy4acisz2gicbhjm4xbvxa2zfftteyd.onion | Accessible=False | Indexed=True | Concealed=False
2026-04-04 23:24:12,196 | DOMAIN_CHECK | Domain=kl4gp72mdxp3uelicjjslqnpomqfr5cbdd3wzo5klo3rjlqjtzhaymqd.onion | Accessible=True | Indexed=True | Concealed=False
2026-04-04 23:24:12,198 | DOMAIN_CHECK | Domain=vhlehwexxmbnvecbmsk4ormttdvhlhbnyabai4cithvizzaduf3gmayd.onion | Accessible=True | Indexed=True | Concealed=False
2026-04-04 23:24:12,199 | DOMAIN_CHECK | Domain=wk3mtlvp2ej64nuytqm3mjrm6gpulix623abum6ewp64444oreysz7qd.onion | Accessible=True | Indexed=True | Concealed=False
2026-04-04 23:24:12,200 | DOMAIN_CHECK | Domain=ajlu6mrc7lwulwakojrgvvtarotvkvxqosb4psxljgobjhureve4kdqd.onion | Accessible=False | Indexed=True | Concealed=False
2026-04-04 23:24:12,202 | DOMAIN_UPDATE | OldDomain=ctemplarpizuduxk3fkwrieizstx33kg5chlvrh37nz73pv5smsvl6ad.onion | NewDomain=zmsbsmsto4i45uodwngy6x3yew5foxqu3bgowy7l7vndfspooolp5cqd.onion | Reason=시나리오 2: 도메인 변경됨 → zmsbsmsto4i45uodwngy6x3yew5foxqu3bgowy7l7vndfspooolp5cqd.onion으로 업데이트 수행
2026-04-04 23:24:12,202 | DOMAIN_CHECK | Domain=ctemplarpizuduxk3fkwrieizstx33kg5chlvrh37nz73pv5smsvl6ad.onion | Accessible=False | Indexed=True | Concealed=False
2026-04-04 23:24:12,205 | DOMAIN_UPDATE | OldDomain=potatoynwcg34xyodol6p6hvi5e4xelxdeowsl5t2daxywepub32y7yd.onion | NewDomain=uquroyobsaquslaunwkz6bmc3wutpzvwe7mv62xeq64645a57bugnsyd.onion | Reason=시나리오 2: 도메인 변경됨 → uquroyobsaquslaunwkz6bmc3wutpzvwe7mv62xeq64645a57bugnsyd.onion으로 업데이트 수행
2026-04-04 23:24:12,205 | DOMAIN_CHECK | Domain=potatoynwcg34xyodol6p6hvi5e4xelxdeowsl5t2daxywepub32y7yd.onion | Accessible=False | Indexed=True | Concealed=False
2026-04-04 23:24:12,207 | DOMAIN_UPDATE | OldDomain=55niksbd22qqaedkw36qw4cpofmbxdtbwonxam7ov2ga62zqbhgty3yd.onion | NewDomain=3wrli3wgvopj37az6ifusjad47wpqwtx3uk7uou5t2qpz2sgv4fcqhqd.onion | Reason=시나리오 2: 도메인 변경됨 → 3wrli3wgvopj37az6ifusjad47wpqwtx3uk7uou5t2qpz2sgv4fcqhqd.onion으로 업데이트 수행
2026-04-04 23:24:12,207 | DOMAIN_CHECK | Domain=55niksbd22qqaedkw36qw4cpofmbxdtbwonxam7ov2ga62zqbhgty3yd.onion | Accessible=False | Indexed=True | Concealed=False
2026-04-04 23:24:12,209 | DOMAIN_CHECK | Domain=k6m3fagp4w4wspmdt23fldnwrmknse74gmxosswvaxf3ciasficpenad.onion | Accessible=True | Indexed=True | Concealed=False
2026-04-04 23:24:12,211 | DOMAIN_UPDATE | OldDomain=lqcjo7esbfog5t4r4gyy7jurpzf6cavpfmc4vkal4k2g4ie66ao5mryd.onion | NewDomain=uwbgdziyojur7ng25d24ggezbdtbf6myjcls2x6eu7vm6hldsxoonwqd.onion | Reason=시나리오 2: 도메인 변경됨 → uwbgdziyojur7ng25d24ggezbdtbf6myjcls2x6eu7vm6hldsxoonwqd.onion으로 업데이트 수행
2026-04-04 23:24:12,211 | DOMAIN_CHECK | Domain=lqcjo7esbfog5t4r4gyy7jurpzf6cavpfmc4vkal4k2g4ie66ao5mryd.onion | Accessible=False | Indexed=True | Concealed=False
2026-04-04 23:24:12,213 | DOMAIN_UPDATE | OldDomain=nanochanqzaytwlydykbg5nxkgyjxk3zsrctxuoxdmbx5jbh2ydyprid.onion | NewDomain=jaz45aabn5vkemy4jkg4mi4syheisqn2wn2n4fsuitpccdackjwxplad.onion | Reason=시나리오 2: 도메인 변경됨 → jaz45aabn5vkemy4jkg4mi4syheisqn2wn2n4fsuitpccdackjwxplad.onion으로 업데이트 수행
2026-04-04 23:24:12,213 | DOMAIN_CHECK | Domain=nanochanqzaytwlydykbg5nxkgyjxk3zsrctxuoxdmbx5jbh2ydyprid.onion | Accessible=False | Indexed=True | Concealed=False
2026-04-04 23:24:12,215 | DOMAIN_UPDATE | OldDomain=picochanwvqfa2xsrfzlul4x4aqtog2eljll5qnj5iagpbhx2vmfqnid.onion | NewDomain=jaz45aabn5vkemy4jkg4mi4syheisqn2wn2n4fsuitpccdackjwxplad.onion | Reason=시나리오 2: 도메인 변경됨 → jaz45aabn5vkemy4jkg4mi4syheisqn2wn2n4fsuitpccdackjwxplad.onion으로 업데이트 수행
2026-04-04 23:24:12,215 | DOMAIN_CHECK | Domain=picochanwvqfa2xsrfzlul4x4aqtog2eljll5qnj5iagpbhx2vmfqnid.onion | Accessible=False | Indexed=True | Concealed=False
2026-04-04 23:24:12,218 | DOMAIN_UPDATE | OldDomain=digdeep4orxw6psc33yxa2dgmuycj74zi6334xhxjlgppw6odvkzkiad.onion | NewDomain=jaz45aabn5vkemy4jkg4mi4syheisqn2wn2n4fsuitpccdackjwxplad.onion | Reason=시나리오 2: 도메인 변경됨 → jaz45aabn5vkemy4jkg4mi4syheisqn2wn2n4fsuitpccdackjwxplad.onion으로 업데이트 수행
2026-04-04 23:24:12,218 | DOMAIN_CHECK | Domain=digdeep4orxw6psc33yxa2dgmuycj74zi6334xhxjlgppw6odvkzkiad.onion | Accessible=False | Indexed=True | Concealed=False
2026-04-04 23:24:12,222 | DOMAIN_CHECK | Domain=n6qisfgjauj365pxccpr5vizmtb5iavqaug7m7e4ewkxuygk5iim6yyd.onion | Accessible=True | Indexed=True | Concealed=False
2026-04-04 23:24:12,228 | DOMAIN_UPDATE | OldDomain=wnrgozz3bmm33em4aln3lrbewf3ikxj7fwglqgla2tpdji4znjp7viqd.onion | NewDomain=jaz45aabn5vkemy4jkg4mi4syheisqn2wn2n4fsuitpccdackjwxplad.onion | Reason=시나리오 2: 도메인 변경됨 → jaz45aabn5vkemy4jkg4mi4syheisqn2wn2n4fsuitpccdackjwxplad.onion으로 업데이트 수행
2026-04-04 23:24:12,228 | DOMAIN_CHECK | Domain=wnrgozz3bmm33em4aln3lrbewf3ikxj7fwglqgla2tpdji4znjp7viqd.onion | Accessible=False | Indexed=True | Concealed=False
2026-04-04 23:24:12,229 | DOMAIN_CHECK | Domain=2ln3x7ru6psileh7il7jot2ufhol4o7nd54z663xonnnmmku4dgkx3ad.onion | Accessible=True | Indexed=True | Concealed=False
2026-04-04 23:24:12,231 | DOMAIN_UPDATE | OldDomain=y22arit74fqnnc2pbieq3wqqvkfub6gnlegx3cl6thclos4f7ya7rvad.onion | NewDomain=uwbgdziyojur7ng25d24ggezbdtbf6myjcls2x6eu7vm6hldsxoonwqd.onion | Reason=시나리오 2: 도메인 변경됨 → uwbgdziyojur7ng25d24ggezbdtbf6myjcls2x6eu7vm6hldsxoonwqd.onion으로 업데이트 수행
2026-04-04 23:24:12,231 | DOMAIN_CHECK | Domain=y22arit74fqnnc2pbieq3wqqvkfub6gnlegx3cl6thclos4f7ya7rvad.onion | Accessible=False | Indexed=True | Concealed=False
2026-04-04 23:24:12,232 | DOMAIN_CHECK | Domain=qazkxav4zzmt5xwfw6my362jdwhzrcafz7qpd5kugfgx7z7il5lyb6ad.onion | Accessible=True | Indexed=True | Concealed=False
2026-04-04 23:24:12,233 | DOMAIN_CHECK | Domain=hqfld5smkr4b4xrjcco7zotvoqhuuoehjdvoin755iytmpk4sm7cbwad.onion | Accessible=False | Indexed=True | Concealed=False
2026-04-04 23:24:12,234 | DOMAIN_CHECK | Domain=meynethaffeecapsvfphrcnfrx44w2nskgls2juwitibvqctk2plvhqd.onion | Accessible=True | Indexed=True | Concealed=False
2026-04-04 23:24:12,236 | DOMAIN_UPDATE | OldDomain=cgjzkysxa4ru5rhrtr6rafckhexbisbtxwg2fg743cjumioysmirhdad.onion | NewDomain=jaz45aabn5vkemy4jkg4mi4syheisqn2wn2n4fsuitpccdackjwxplad.onion | Reason=시나리오 2: 도메인 변경됨 → jaz45aabn5vkemy4jkg4mi4syheisqn2wn2n4fsuitpccdackjwxplad.onion으로 업데이트 수행
2026-04-04 23:24:12,236 | DOMAIN_CHECK | Domain=cgjzkysxa4ru5rhrtr6rafckhexbisbtxwg2fg743cjumioysmirhdad.onion | Accessible=False | Indexed=True | Concealed=False
2026-04-04 23:24:12,238 | DOMAIN_UPDATE | OldDomain=lainwir3s4y5r7mqm3kurzpljyf77vty2hrrfkps6wm4nnnqzest4lqd.onion | NewDomain=jaz45aabn5vkemy4jkg4mi4syheisqn2wn2n4fsuitpccdackjwxplad.onion | Reason=시나리오 2: 도메인 변경됨 → jaz45aabn5vkemy4jkg4mi4syheisqn2wn2n4fsuitpccdackjwxplad.onion으로 업데이트 수행
2026-04-04 23:24:12,238 | DOMAIN_CHECK | Domain=lainwir3s4y5r7mqm3kurzpljyf77vty2hrrfkps6wm4nnnqzest4lqd.onion | Accessible=False | Indexed=True | Concealed=False
2026-04-04 23:24:12,241 | DOMAIN_UPDATE | OldDomain=eludemailxhnqzfmxehy3bk5guyhlxbunfyhkcksv4gvx6d3wcf6smad.onion | NewDomain=zmsbsmsto4i45uodwngy6x3yew5foxqu3bgowy7l7vndfspooolp5cqd.onion | Reason=시나리오 2: 도메인 변경됨 → zmsbsmsto4i45uodwngy6x3yew5foxqu3bgowy7l7vndfspooolp5cqd.onion으로 업데이트 수행
2026-04-04 23:24:12,241 | DOMAIN_CHECK | Domain=eludemailxhnqzfmxehy3bk5guyhlxbunfyhkcksv4gvx6d3wcf6smad.onion | Accessible=False | Indexed=True | Concealed=False
2026-04-04 23:24:12,242 | DOMAIN_CHECK | Domain=2jwcnprqbugvyi6ok2h2h7u26qc6j5wxm7feh3znlh2qu3h6hjld4kyd.onion | Accessible=False | Indexed=True | Concealed=False
2026-04-04 23:24:12,243 | DOMAIN_CHECK | Domain=3bp7szl6ehbrnitmbyxzvcm3ieu7ba2kys64oecf4g2b65mcgbafzgqd.onion | Accessible=False | Indexed=True | Concealed=False
2026-04-04 23:38:48,011 | CLASSIFICATION_COMPLETE | 포럼 분류: 143개, 포럼: 67개
2026-04-04 23:38:48,214 | REPORT_GENERATED | Path=/Users/f1r3_r41n/Desktop/Toy_Project/darkweb_crawler/reports/report_f08b12fc-bd12-4fbd-acc6-af034060c6f1_2026-04-04_233848.json | Records=416
